# JRE version: Java(TM) SE Runtime Environment (8.0_77-b03) (build 1.8.0_77-b03)
# Java VM: Java HotSpot(TM) 64-Bit Server VM (25.77-b03 mixed mode windows-amd64 compressed oops)
Heap:
 PSYoungGen      total 538624K, used 398794K [0x000000076c380000, 0x0000000796600000, 0x00000007c0000000)
  eden space 473088K, 73% used [0x000000076c380000,0x0000000781806ce0,0x0000000789180000)
  from space 65536K, 76% used [0x0000000789180000,0x000000078c26bce8,0x000000078d180000)
  to   space 68608K, 0% used [0x0000000792300000,0x0000000792300000,0x0000000796600000)
 ParOldGen       total 309248K, used 99354K [0x00000006c4a00000, 0x00000006d7800000, 0x000000076c380000)
  object space 309248K, 32% used [0x00000006c4a00000,0x00000006cab06968,0x00000006d7800000)
 Metaspace       used 65975K, capacity 67244K, committed 67608K, reserved 1107968K
  class space    used 7930K, capacity 8366K, committed 8472K, reserved 1048576K
GC Heap History (10 events):
Event: 116.964 GC heap before
{Heap before GC invocations=14 (full 3):
 PSYoungGen      total 360960K, used 36818K [0x000000076c380000, 0x000000078ad00000, 0x00000007c0000000)
  eden space 310272K, 0% used [0x000000076c380000,0x000000076c380000,0x000000077f280000)
  from space 50688K, 72% used [0x000000077f280000,0x0000000781674bf0,0x0000000782400000)
  to   space 52224K, 0% used [0x0000000787a00000,0x0000000787a00000,0x000000078ad00000)
 ParOldGen       total 242688K, used 76787K [0x00000006c4a00000, 0x00000006d3700000, 0x000000076c380000)
  object space 242688K, 31% used [0x00000006c4a00000,0x00000006c94fcce0,0x00000006d3700000)
 Metaspace       used 57755K, capacity 58862K, committed 59160K, reserved 1101824K
  class space    used 6963K, capacity 7351K, committed 7448K, reserved 1048576K
Event: 117.337 GC heap after
Heap after GC invocations=14 (full 3):
 PSYoungGen      total 360960K, used 0K [0x000000076c380000, 0x000000078ad00000, 0x00000007c0000000)
  eden space 310272K, 0% used [0x000000076c380000,0x000000076c380000,0x000000077f280000)
  from space 50688K, 0% used [0x000000077f280000,0x000000077f280000,0x0000000782400000)
  to   space 52224K, 0% used [0x0000000787a00000,0x0000000787a00000,0x000000078ad00000)
 ParOldGen       total 309248K, used 99322K [0x00000006c4a00000, 0x00000006d7800000, 0x000000076c380000)
  object space 309248K, 32% used [0x00000006c4a00000,0x00000006caafe968,0x00000006d7800000)
 Metaspace       used 57755K, capacity 58862K, committed 59160K, reserved 1101824K
  class space    used 6963K, capacity 7351K, committed 7448K, reserved 1048576K
}
Event: 165.430 GC heap before
{Heap before GC invocations=15 (full 3):
 PSYoungGen      total 360960K, used 310272K [0x000000076c380000, 0x000000078ad00000, 0x00000007c0000000)
  eden space 310272K, 100% used [0x000000076c380000,0x000000077f280000,0x000000077f280000)
  from space 50688K, 0% used [0x000000077f280000,0x000000077f280000,0x0000000782400000)
  to   space 52224K, 0% used [0x0000000787a00000,0x0000000787a00000,0x000000078ad00000)
 ParOldGen       total 309248K, used 99322K [0x00000006c4a00000, 0x00000006d7800000, 0x000000076c380000)
  object space 309248K, 32% used [0x00000006c4a00000,0x00000006caafe968,0x00000006d7800000)
 Metaspace       used 64327K, capacity 65568K, committed 65944K, reserved 1107968K
  class space    used 7906K, capacity 8316K, committed 8344K, reserved 1048576K
Event: 165.488 GC heap after
Heap after GC invocations=15 (full 3):
 PSYoungGen      total 446464K, used 41855K [0x000000076c380000, 0x000000078b000000, 0x00000007c0000000)
  eden space 394240K, 0% used [0x000000076c380000,0x000000076c380000,0x0000000784480000)
  from space 52224K, 80% used [0x0000000787a00000,0x000000078a2dfd28,0x000000078ad00000)
  to   space 54784K, 0% used [0x0000000784480000,0x0000000784480000,0x0000000787a00000)
 ParOldGen       total 309248K, used 99330K [0x00000006c4a00000, 0x00000006d7800000, 0x000000076c380000)
  object space 309248K, 32% used [0x00000006c4a00000,0x00000006cab00968,0x00000006d7800000)
 Metaspace       used 64327K, capacity 65568K, committed 65944K, reserved 1107968K
  class space    used 7906K, capacity 8316K, committed 8344K, reserved 1048576K
}
Event: 219.609 GC heap before
{Heap before GC invocations=16 (full 3):
 PSYoungGen      total 446464K, used 436095K [0x000000076c380000, 0x000000078b000000, 0x00000007c0000000)
  eden space 394240K, 100% used [0x000000076c380000,0x0000000784480000,0x0000000784480000)
  from space 52224K, 80% used [0x0000000787a00000,0x000000078a2dfd28,0x000000078ad00000)
  to   space 54784K, 0% used [0x0000000784480000,0x0000000784480000,0x0000000787a00000)
 ParOldGen       total 309248K, used 99330K [0x00000006c4a00000, 0x00000006d7800000, 0x000000076c380000)
  object space 309248K, 32% used [0x00000006c4a00000,0x00000006cab00968,0x00000006d7800000)
 Metaspace       used 64973K, capacity 66174K, committed 66712K, reserved 1107968K
  class space    used 7915K, capacity 8321K, committed 8344K, reserved 1048576K
Event: 219.668 GC heap after
Heap after GC invocations=16 (full 3):
 PSYoungGen      total 449024K, used 48282K [0x000000076c380000, 0x0000000791300000, 0x00000007c0000000)
  eden space 394240K, 0% used [0x000000076c380000,0x000000076c380000,0x0000000784480000)
  from space 54784K, 88% used [0x0000000784480000,0x00000007873a6a48,0x0000000787a00000)
  to   space 59392K, 0% used [0x000000078d900000,0x000000078d900000,0x0000000791300000)
 ParOldGen       total 309248K, used 99338K [0x00000006c4a00000, 0x00000006d7800000, 0x000000076c380000)
  object space 309248K, 32% used [0x00000006c4a00000,0x00000006cab02968,0x00000006d7800000)
 Metaspace       used 64973K, capacity 66174K, committed 66712K, reserved 1107968K
  class space    used 7915K, capacity 8321K, committed 8344K, reserved 1048576K
}
Event: 296.142 GC heap before
{Heap before GC invocations=17 (full 3):
 PSYoungGen      total 449024K, used 442522K [0x000000076c380000, 0x0000000791300000, 0x00000007c0000000)
  eden space 394240K, 100% used [0x000000076c380000,0x0000000784480000,0x0000000784480000)
  from space 54784K, 88% used [0x0000000784480000,0x00000007873a6a48,0x0000000787a00000)
  to   space 59392K, 0% used [0x000000078d900000,0x000000078d900000,0x0000000791300000)
 ParOldGen       total 309248K, used 99338K [0x00000006c4a00000, 0x00000006d7800000, 0x000000076c380000)
  object space 309248K, 32% used [0x00000006c4a00000,0x00000006cab02968,0x00000006d7800000)
 Metaspace       used 65549K, capacity 66842K, committed 67352K, reserved 1107968K
  class space    used 7928K, capacity 8363K, committed 8472K, reserved 1048576K
Event: 296.214 GC heap after
Heap after GC invocations=17 (full 3):
 PSYoungGen      total 530944K, used 54625K [0x000000076c380000, 0x0000000791180000, 0x00000007c0000000)
  eden space 473088K, 0% used [0x000000076c380000,0x000000076c380000,0x0000000789180000)
  from space 57856K, 94% used [0x000000078d900000,0x0000000790e584c0,0x0000000791180000)
  to   space 65536K, 0% used [0x0000000789180000,0x0000000789180000,0x000000078d180000)
 ParOldGen       total 309248K, used 99346K [0x00000006c4a00000, 0x00000006d7800000, 0x000000076c380000)
  object space 309248K, 32% used [0x00000006c4a00000,0x00000006cab04968,0x00000006d7800000)
 Metaspace       used 65549K, capacity 66842K, committed 67352K, reserved 1107968K
  class space    used 7928K, capacity 8363K, committed 8472K, reserved 1048576K
}
Event: 367.534 GC heap before
{Heap before GC invocations=18 (full 3):
 PSYoungGen      total 530944K, used 527713K [0x000000076c380000, 0x0000000791180000, 0x00000007c0000000)
  eden space 473088K, 100% used [0x000000076c380000,0x0000000789180000,0x0000000789180000)
  from space 57856K, 94% used [0x000000078d900000,0x0000000790e584c0,0x0000000791180000)
  to   space 65536K, 0% used [0x0000000789180000,0x0000000789180000,0x000000078d180000)
 ParOldGen       total 309248K, used 99346K [0x00000006c4a00000, 0x00000006d7800000, 0x000000076c380000)
  object space 309248K, 32% used [0x00000006c4a00000,0x00000006cab04968,0x00000006d7800000)
 Metaspace       used 65813K, capacity 67162K, committed 67608K, reserved 1107968K
  class space    used 7928K, capacity 8363K, committed 8472K, reserved 1048576K
Event: 367.597 GC heap after
Heap after GC invocations=18 (full 3):
 PSYoungGen      total 538624K, used 50095K [0x000000076c380000, 0x0000000796600000, 0x00000007c0000000)
  eden space 473088K, 0% used [0x000000076c380000,0x000000076c380000,0x0000000789180000)
  from space 65536K, 76% used [0x0000000789180000,0x000000078c26bce8,0x000000078d180000)
  to   space 68608K, 0% used [0x0000000792300000,0x0000000792300000,0x0000000796600000)
 ParOldGen       total 309248K, used 99354K [0x00000006c4a00000, 0x00000006d7800000, 0x000000076c380000)
  object space 309248K, 32% used [0x00000006c4a00000,0x00000006cab06968,0x00000006d7800000)
 Metaspace       used 65813K, capacity 67162K, committed 67608K, reserved 1107968K
  class space    used 7928K, capacity 8363K, committed 8472K, reserved 1048576K
}

