# JRE version: Java(TM) SE Runtime Environment (8.0_77-b03) (build 1.8.0_77-b03)
# Java VM: Java HotSpot(TM) 64-Bit Server VM (25.77-b03 mixed mode windows-amd64 compressed oops)
Heap:
 PSYoungGen      total 279040K, used 33265K [0x000000076c380000, 0x0000000786480000, 0x00000007c0000000)
  eden space 245760K, 0% used [0x000000076c380000,0x000000076c380000,0x000000077b380000)
  from space 33280K, 99% used [0x000000077dc80000,0x000000077fcfc640,0x000000077fd00000)
  to   space 41984K, 0% used [0x000000077b380000,0x000000077b380000,0x000000077dc80000)
 ParOldGen       total 141312K, used 49738K [0x00000006c4a00000, 0x00000006cd400000, 0x000000076c380000)
  object space 141312K, 35% used [0x00000006c4a00000,0x00000006c7a92858,0x00000006cd400000)
 Metaspace       used 34541K, capacity 35428K, committed 35496K, reserved 1081344K
  class space    used 3970K, capacity 4254K, committed 4264K, reserved 1048576K
GC Heap History (10 events):
Event: 7.072 GC heap after
Heap after GC invocations=5 (full 0):
 PSYoungGen      total 139776K, used 10736K [0x000000076c380000, 0x000000077eb80000, 0x00000007c0000000)
  eden space 129024K, 0% used [0x000000076c380000,0x000000076c380000,0x0000000774180000)
  from space 10752K, 99% used [0x0000000774180000,0x0000000774bfc010,0x0000000774c00000)
  to   space 22528K, 0% used [0x000000077d580000,0x000000077d580000,0x000000077eb80000)
 ParOldGen       total 172032K, used 23076K [0x00000006c4a00000, 0x00000006cf200000, 0x000000076c380000)
  object space 172032K, 13% used [0x00000006c4a00000,0x00000006c6089008,0x00000006cf200000)
 Metaspace       used 20545K, capacity 21062K, committed 21296K, reserved 1069056K
  class space    used 2417K, capacity 2561K, committed 2688K, reserved 1048576K
}
Event: 7.072 GC heap before
{Heap before GC invocations=6 (full 1):
 PSYoungGen      total 139776K, used 10736K [0x000000076c380000, 0x000000077eb80000, 0x00000007c0000000)
  eden space 129024K, 0% used [0x000000076c380000,0x000000076c380000,0x0000000774180000)
  from space 10752K, 99% used [0x0000000774180000,0x0000000774bfc010,0x0000000774c00000)
  to   space 22528K, 0% used [0x000000077d580000,0x000000077d580000,0x000000077eb80000)
 ParOldGen       total 172032K, used 23076K [0x00000006c4a00000, 0x00000006cf200000, 0x000000076c380000)
  object space 172032K, 13% used [0x00000006c4a00000,0x00000006c6089008,0x00000006cf200000)
 Metaspace       used 20545K, capacity 21062K, committed 21296K, reserved 1069056K
  class space    used 2417K, capacity 2561K, committed 2688K, reserved 1048576K
Event: 7.287 GC heap after
Heap after GC invocations=6 (full 1):
 PSYoungGen      total 139776K, used 0K [0x000000076c380000, 0x000000077eb80000, 0x00000007c0000000)
  eden space 129024K, 0% used [0x000000076c380000,0x000000076c380000,0x0000000774180000)
  from space 10752K, 0% used [0x0000000774180000,0x0000000774180000,0x0000000774c00000)
  to   space 22528K, 0% used [0x000000077d580000,0x000000077d580000,0x000000077eb80000)
 ParOldGen       total 141312K, used 31314K [0x00000006c4a00000, 0x00000006cd400000, 0x000000076c380000)
  object space 141312K, 22% used [0x00000006c4a00000,0x00000006c6894a80,0x00000006cd400000)
 Metaspace       used 20545K, capacity 21062K, committed 21296K, reserved 1069056K
  class space    used 2417K, capacity 2561K, committed 2688K, reserved 1048576K
}
Event: 9.620 GC heap before
{Heap before GC invocations=7 (full 1):
 PSYoungGen      total 139776K, used 129024K [0x000000076c380000, 0x000000077eb80000, 0x00000007c0000000)
  eden space 129024K, 100% used [0x000000076c380000,0x0000000774180000,0x0000000774180000)
  from space 10752K, 0% used [0x0000000774180000,0x0000000774180000,0x0000000774c00000)
  to   space 22528K, 0% used [0x000000077d580000,0x000000077d580000,0x000000077eb80000)
 ParOldGen       total 141312K, used 31314K [0x00000006c4a00000, 0x00000006cd400000, 0x000000076c380000)
  object space 141312K, 22% used [0x00000006c4a00000,0x00000006c6894a80,0x00000006cd400000)
 Metaspace       used 23981K, capacity 24518K, committed 24704K, reserved 1071104K
  class space    used 2717K, capacity 2881K, committed 2944K, reserved 1048576K
Event: 9.649 GC heap after
Heap after GC invocations=7 (full 1):
 PSYoungGen      total 207872K, used 22527K [0x000000076c380000, 0x000000077eb80000, 0x00000007c0000000)
  eden space 185344K, 0% used [0x000000076c380000,0x000000076c380000,0x0000000777880000)
  from space 22528K, 99% used [0x000000077d580000,0x000000077eb7ff88,0x000000077eb80000)
  to   space 26624K, 0% used [0x000000077b780000,0x000000077b780000,0x000000077d180000)
 ParOldGen       total 141312K, used 33474K [0x00000006c4a00000, 0x00000006cd400000, 0x000000076c380000)
  object space 141312K, 23% used [0x00000006c4a00000,0x00000006c6ab0a58,0x00000006cd400000)
 Metaspace       used 23981K, capacity 24518K, committed 24704K, reserved 1071104K
  class space    used 2717K, capacity 2881K, committed 2944K, reserved 1048576K
}
Event: 50.531 GC heap before
{Heap before GC invocations=8 (full 1):
 PSYoungGen      total 207872K, used 207871K [0x000000076c380000, 0x000000077eb80000, 0x00000007c0000000)
  eden space 185344K, 100% used [0x000000076c380000,0x0000000777880000,0x0000000777880000)
  from space 22528K, 99% used [0x000000077d580000,0x000000077eb7ff88,0x000000077eb80000)
  to   space 26624K, 0% used [0x000000077b780000,0x000000077b780000,0x000000077d180000)
 ParOldGen       total 141312K, used 33474K [0x00000006c4a00000, 0x00000006cd400000, 0x000000076c380000)
  object space 141312K, 23% used [0x00000006c4a00000,0x00000006c6ab0a58,0x00000006cd400000)
 Metaspace       used 27080K, capacity 27798K, committed 28032K, reserved 1075200K
  class space    used 2991K, capacity 3180K, committed 3200K, reserved 1048576K
Event: 50.611 GC heap after
Heap after GC invocations=8 (full 1):
 PSYoungGen      total 276480K, used 26615K [0x000000076c380000, 0x000000077fd00000, 0x00000007c0000000)
  eden space 249856K, 0% used [0x000000076c380000,0x000000076c380000,0x000000077b780000)
  from space 26624K, 99% used [0x000000077b780000,0x000000077d17df90,0x000000077d180000)
  to   space 33280K, 0% used [0x000000077dc80000,0x000000077dc80000,0x000000077fd00000)
 ParOldGen       total 141312K, used 40107K [0x00000006c4a00000, 0x00000006cd400000, 0x000000076c380000)
  object space 141312K, 28% used [0x00000006c4a00000,0x00000006c712ac60,0x00000006cd400000)
 Metaspace       used 27080K, capacity 27798K, committed 28032K, reserved 1075200K
  class space    used 2991K, capacity 3180K, committed 3200K, reserved 1048576K
}
Event: 54.737 GC heap before
{Heap before GC invocations=9 (full 1):
 PSYoungGen      total 276480K, used 229360K [0x000000076c380000, 0x000000077fd00000, 0x00000007c0000000)
  eden space 249856K, 81% used [0x000000076c380000,0x000000077897e0a0,0x000000077b780000)
  from space 26624K, 99% used [0x000000077b780000,0x000000077d17df90,0x000000077d180000)
  to   space 33280K, 0% used [0x000000077dc80000,0x000000077dc80000,0x000000077fd00000)
 ParOldGen       total 141312K, used 40107K [0x00000006c4a00000, 0x00000006cd400000, 0x000000076c380000)
  object space 141312K, 28% used [0x00000006c4a00000,0x00000006c712ac60,0x00000006cd400000)
 Metaspace       used 34541K, capacity 35428K, committed 35496K, reserved 1081344K
  class space    used 3970K, capacity 4254K, committed 4264K, reserved 1048576K
Event: 54.812 GC heap after
Heap after GC invocations=9 (full 1):
 PSYoungGen      total 279040K, used 33265K [0x000000076c380000, 0x0000000786480000, 0x00000007c0000000)
  eden space 245760K, 0% used [0x000000076c380000,0x000000076c380000,0x000000077b380000)
  from space 33280K, 99% used [0x000000077dc80000,0x000000077fcfc640,0x000000077fd00000)
  to   space 41984K, 0% used [0x000000077b380000,0x000000077b380000,0x000000077dc80000)
 ParOldGen       total 141312K, used 49738K [0x00000006c4a00000, 0x00000006cd400000, 0x000000076c380000)
  object space 141312K, 35% used [0x00000006c4a00000,0x00000006c7a92858,0x00000006cd400000)
 Metaspace       used 34541K, capacity 35428K, committed 35496K, reserved 1081344K
  class space    used 3970K, capacity 4254K, committed 4264K, reserved 1048576K
}
Event: 54.812 GC heap before
{Heap before GC invocations=10 (full 2):
 PSYoungGen      total 279040K, used 33265K [0x000000076c380000, 0x0000000786480000, 0x00000007c0000000)
  eden space 245760K, 0% used [0x000000076c380000,0x000000076c380000,0x000000077b380000)
  from space 33280K, 99% used [0x000000077dc80000,0x000000077fcfc640,0x000000077fd00000)
  to   space 41984K, 0% used [0x000000077b380000,0x000000077b380000,0x000000077dc80000)
 ParOldGen       total 141312K, used 49738K [0x00000006c4a00000, 0x00000006cd400000, 0x000000076c380000)
  object space 141312K, 35% used [0x00000006c4a00000,0x00000006c7a92858,0x00000006cd400000)
 Metaspace       used 34541K, capacity 35428K, committed 35496K, reserved 1081344K
  class space    used 3970K, capacity 4254K, committed 4264K, reserved 1048576K

