# JRE version: Java(TM) SE Runtime Environment (8.0_77-b03) (build 1.8.0_77-b03)
# Java VM: Java HotSpot(TM) 64-Bit Server VM (25.77-b03 mixed mode windows-amd64 compressed oops)
Heap:
 PSYoungGen      total 201216K, used 201212K [0x000000076c380000, 0x000000077ed80000, 0x00000007c0000000)
  eden space 177664K, 100% used [0x000000076c380000,0x0000000777100000,0x0000000777100000)
  from space 23552K, 99% used [0x000000077d680000,0x000000077ed7f2c8,0x000000077ed80000)
  to   space 29696K, 99% used [0x000000077b380000,0x000000077d03f9f8,0x000000077d080000)
 ParOldGen       total 151040K, used 39154K [0x00000006c4a00000, 0x00000006cdd80000, 0x000000076c380000)
  object space 151040K, 25% used [0x00000006c4a00000,0x00000006c703c888,0x00000006cdd80000)
 Metaspace       used 25195K, capacity 25830K, committed 26032K, reserved 1073152K
  class space    used 2765K, capacity 2977K, committed 2992K, reserved 1048576K
GC Heap History (10 events):
Event: 6.497 GC heap after
Heap after GC invocations=3 (full 0):
 PSYoungGen      total 75264K, used 10720K [0x000000076c380000, 0x0000000775680000, 0x00000007c0000000)
  eden space 64512K, 0% used [0x000000076c380000,0x000000076c380000,0x0000000770280000)
  from space 10752K, 99% used [0x0000000770280000,0x0000000770cf8020,0x0000000770d00000)
  to   space 10752K, 0% used [0x0000000774c00000,0x0000000774c00000,0x0000000775680000)
 ParOldGen       total 172032K, used 8981K [0x00000006c4a00000, 0x00000006cf200000, 0x000000076c380000)
  object space 172032K, 5% used [0x00000006c4a00000,0x00000006c52c5468,0x00000006cf200000)
 Metaspace       used 15800K, capacity 16012K, committed 16384K, reserved 1062912K
  class space    used 1846K, capacity 1946K, committed 2048K, reserved 1048576K
}
Event: 8.449 GC heap before
{Heap before GC invocations=4 (full 0):
 PSYoungGen      total 75264K, used 75232K [0x000000076c380000, 0x0000000775680000, 0x00000007c0000000)
  eden space 64512K, 100% used [0x000000076c380000,0x0000000770280000,0x0000000770280000)
  from space 10752K, 99% used [0x0000000770280000,0x0000000770cf8020,0x0000000770d00000)
  to   space 10752K, 0% used [0x0000000774c00000,0x0000000774c00000,0x0000000775680000)
 ParOldGen       total 172032K, used 8981K [0x00000006c4a00000, 0x00000006cf200000, 0x000000076c380000)
  object space 172032K, 5% used [0x00000006c4a00000,0x00000006c52c5468,0x00000006cf200000)
 Metaspace       used 16130K, capacity 16420K, committed 16640K, reserved 1064960K
  class space    used 1849K, capacity 1950K, committed 2048K, reserved 1048576K
Event: 8.521 GC heap after
Heap after GC invocations=4 (full 0):
 PSYoungGen      total 139776K, used 10736K [0x000000076c380000, 0x0000000775680000, 0x00000007c0000000)
  eden space 129024K, 0% used [0x000000076c380000,0x000000076c380000,0x0000000774180000)
  from space 10752K, 99% used [0x0000000774c00000,0x000000077567c010,0x0000000775680000)
  to   space 10752K, 0% used [0x0000000774180000,0x0000000774180000,0x0000000774c00000)
 ParOldGen       total 172032K, used 17705K [0x00000006c4a00000, 0x00000006cf200000, 0x000000076c380000)
  object space 172032K, 10% used [0x00000006c4a00000,0x00000006c5b4a5e0,0x00000006cf200000)
 Metaspace       used 16130K, capacity 16420K, committed 16640K, reserved 1064960K
  class space    used 1849K, capacity 1950K, committed 2048K, reserved 1048576K
}
Event: 10.741 GC heap before
{Heap before GC invocations=5 (full 0):
 PSYoungGen      total 139776K, used 110211K [0x000000076c380000, 0x0000000775680000, 0x00000007c0000000)
  eden space 129024K, 77% used [0x000000076c380000,0x00000007724a4e40,0x0000000774180000)
  from space 10752K, 99% used [0x0000000774c00000,0x000000077567c010,0x0000000775680000)
  to   space 10752K, 0% used [0x0000000774180000,0x0000000774180000,0x0000000774c00000)
 ParOldGen       total 172032K, used 17705K [0x00000006c4a00000, 0x00000006cf200000, 0x000000076c380000)
  object space 172032K, 10% used [0x00000006c4a00000,0x00000006c5b4a5e0,0x00000006cf200000)
 Metaspace       used 20682K, capacity 21222K, committed 21296K, reserved 1069056K
  class space    used 2425K, capacity 2593K, committed 2608K, reserved 1048576K
Event: 10.783 GC heap after
Heap after GC invocations=5 (full 0):
 PSYoungGen      total 139776K, used 10740K [0x000000076c380000, 0x000000077ed80000, 0x00000007c0000000)
  eden space 129024K, 0% used [0x000000076c380000,0x000000076c380000,0x0000000774180000)
  from space 10752K, 99% used [0x0000000774180000,0x0000000774bfd170,0x0000000774c00000)
  to   space 23552K, 0% used [0x000000077d680000,0x000000077d680000,0x000000077ed80000)
 ParOldGen       total 172032K, used 25242K [0x00000006c4a00000, 0x00000006cf200000, 0x000000076c380000)
  object space 172032K, 14% used [0x00000006c4a00000,0x00000006c62a6918,0x00000006cf200000)
 Metaspace       used 20682K, capacity 21222K, committed 21296K, reserved 1069056K
  class space    used 2425K, capacity 2593K, committed 2608K, reserved 1048576K
}
Event: 10.783 GC heap before
{Heap before GC invocations=6 (full 1):
 PSYoungGen      total 139776K, used 10740K [0x000000076c380000, 0x000000077ed80000, 0x00000007c0000000)
  eden space 129024K, 0% used [0x000000076c380000,0x000000076c380000,0x0000000774180000)
  from space 10752K, 99% used [0x0000000774180000,0x0000000774bfd170,0x0000000774c00000)
  to   space 23552K, 0% used [0x000000077d680000,0x000000077d680000,0x000000077ed80000)
 ParOldGen       total 172032K, used 25242K [0x00000006c4a00000, 0x00000006cf200000, 0x000000076c380000)
  object space 172032K, 14% used [0x00000006c4a00000,0x00000006c62a6918,0x00000006cf200000)
 Metaspace       used 20682K, capacity 21222K, committed 21296K, reserved 1069056K
  class space    used 2425K, capacity 2593K, committed 2608K, reserved 1048576K
Event: 11.094 GC heap after
Heap after GC invocations=6 (full 1):
 PSYoungGen      total 139776K, used 0K [0x000000076c380000, 0x000000077ed80000, 0x00000007c0000000)
  eden space 129024K, 0% used [0x000000076c380000,0x000000076c380000,0x0000000774180000)
  from space 10752K, 0% used [0x0000000774180000,0x0000000774180000,0x0000000774c00000)
  to   space 23552K, 0% used [0x000000077d680000,0x000000077d680000,0x000000077ed80000)
 ParOldGen       total 151040K, used 33881K [0x00000006c4a00000, 0x00000006cdd80000, 0x000000076c380000)
  object space 151040K, 22% used [0x00000006c4a00000,0x00000006c6b16590,0x00000006cdd80000)
 Metaspace       used 20682K, capacity 21222K, committed 21296K, reserved 1069056K
  class space    used 2425K, capacity 2593K, committed 2608K, reserved 1048576K
}
Event: 13.630 GC heap before
{Heap before GC invocations=7 (full 1):
 PSYoungGen      total 139776K, used 129024K [0x000000076c380000, 0x000000077ed80000, 0x00000007c0000000)
  eden space 129024K, 100% used [0x000000076c380000,0x0000000774180000,0x0000000774180000)
  from space 10752K, 0% used [0x0000000774180000,0x0000000774180000,0x0000000774c00000)
  to   space 23552K, 0% used [0x000000077d680000,0x000000077d680000,0x000000077ed80000)
 ParOldGen       total 151040K, used 33881K [0x00000006c4a00000, 0x00000006cdd80000, 0x000000076c380000)
  object space 151040K, 22% used [0x00000006c4a00000,0x00000006c6b16590,0x00000006cdd80000)
 Metaspace       used 22844K, capacity 23366K, committed 23600K, reserved 1071104K
  class space    used 2604K, capacity 2753K, committed 2864K, reserved 1048576K
Event: 13.674 GC heap after
Heap after GC invocations=7 (full 1):
 PSYoungGen      total 201216K, used 23548K [0x000000076c380000, 0x000000077ed80000, 0x00000007c0000000)
  eden space 177664K, 0% used [0x000000076c380000,0x000000076c380000,0x0000000777100000)
  from space 23552K, 99% used [0x000000077d680000,0x000000077ed7f2c8,0x000000077ed80000)
  to   space 29696K, 0% used [0x000000077b380000,0x000000077b380000,0x000000077d080000)
 ParOldGen       total 151040K, used 39146K [0x00000006c4a00000, 0x00000006cdd80000, 0x000000076c380000)
  object space 151040K, 25% used [0x00000006c4a00000,0x00000006c703a888,0x00000006cdd80000)
 Metaspace       used 22844K, capacity 23366K, committed 23600K, reserved 1071104K
  class space    used 2604K, capacity 2753K, committed 2864K, reserved 1048576K
}
Event: 19.167 GC heap before
{Heap before GC invocations=8 (full 1):
 PSYoungGen      total 201216K, used 201212K [0x000000076c380000, 0x000000077ed80000, 0x00000007c0000000)
  eden space 177664K, 100% used [0x000000076c380000,0x0000000777100000,0x0000000777100000)
  from space 23552K, 99% used [0x000000077d680000,0x000000077ed7f2c8,0x000000077ed80000)
  to   space 29696K, 0% used [0x000000077b380000,0x000000077b380000,0x000000077d080000)
 ParOldGen       total 151040K, used 39146K [0x00000006c4a00000, 0x00000006cdd80000, 0x000000076c380000)
  object space 151040K, 25% used [0x00000006c4a00000,0x00000006c703a888,0x00000006cdd80000)
 Metaspace       used 25195K, capacity 25830K, committed 26032K, reserved 1073152K
  class space    used 2765K, capacity 2977K, committed 2992K, reserved 1048576K

