# JRE version: Java(TM) SE Runtime Environment (8.0_77-b03) (build 1.8.0_77-b03)
# Java VM: Java HotSpot(TM) 64-Bit Server VM (25.77-b03 mixed mode windows-amd64 compressed oops)
Heap:
 PSYoungGen      total 209920K, used 209911K [0x000000076c380000, 0x000000077e880000, 0x00000007c0000000)
  eden space 188928K, 100% used [0x000000076c380000,0x0000000777c00000,0x0000000777c00000)
  from space 20992K, 99% used [0x000000077d400000,0x000000077e87de00,0x000000077e880000)
  to   space 27648K, 96% used [0x000000077b280000,0x000000077cc6ffd0,0x000000077cd80000)
 ParOldGen       total 136704K, used 36516K [0x00000006c4a00000, 0x00000006ccf80000, 0x000000076c380000)
  object space 136704K, 26% used [0x00000006c4a00000,0x00000006c6da9040,0x00000006ccf80000)
 Metaspace       used 25247K, capacity 25740K, committed 26112K, reserved 1073152K
  class space    used 2766K, capacity 2946K, committed 3072K, reserved 1048576K
GC Heap History (10 events):
Event: 5.838 GC heap after
Heap after GC invocations=3 (full 0):
 PSYoungGen      total 75264K, used 10752K [0x000000076c380000, 0x0000000775680000, 0x00000007c0000000)
  eden space 64512K, 0% used [0x000000076c380000,0x000000076c380000,0x0000000770280000)
  from space 10752K, 100% used [0x0000000770280000,0x0000000770d00000,0x0000000770d00000)
  to   space 10752K, 0% used [0x0000000774c00000,0x0000000774c00000,0x0000000775680000)
 ParOldGen       total 172032K, used 8959K [0x00000006c4a00000, 0x00000006cf200000, 0x000000076c380000)
  object space 172032K, 5% used [0x00000006c4a00000,0x00000006c52bfec8,0x00000006cf200000)
 Metaspace       used 15773K, capacity 16012K, committed 16384K, reserved 1062912K
  class space    used 1844K, capacity 1946K, committed 2048K, reserved 1048576K
}
Event: 8.479 GC heap before
{Heap before GC invocations=4 (full 0):
 PSYoungGen      total 75264K, used 75264K [0x000000076c380000, 0x0000000775680000, 0x00000007c0000000)
  eden space 64512K, 100% used [0x000000076c380000,0x0000000770280000,0x0000000770280000)
  from space 10752K, 100% used [0x0000000770280000,0x0000000770d00000,0x0000000770d00000)
  to   space 10752K, 0% used [0x0000000774c00000,0x0000000774c00000,0x0000000775680000)
 ParOldGen       total 172032K, used 8959K [0x00000006c4a00000, 0x00000006cf200000, 0x000000076c380000)
  object space 172032K, 5% used [0x00000006c4a00000,0x00000006c52bfec8,0x00000006cf200000)
 Metaspace       used 16302K, capacity 16574K, committed 16896K, reserved 1064960K
  class space    used 1863K, capacity 1981K, committed 2048K, reserved 1048576K
Event: 8.614 GC heap after
Heap after GC invocations=4 (full 0):
 PSYoungGen      total 139776K, used 10736K [0x000000076c380000, 0x0000000775680000, 0x00000007c0000000)
  eden space 129024K, 0% used [0x000000076c380000,0x000000076c380000,0x0000000774180000)
  from space 10752K, 99% used [0x0000000774c00000,0x000000077567c030,0x0000000775680000)
  to   space 10752K, 0% used [0x0000000774180000,0x0000000774180000,0x0000000774c00000)
 ParOldGen       total 172032K, used 16237K [0x00000006c4a00000, 0x00000006cf200000, 0x000000076c380000)
  object space 172032K, 9% used [0x00000006c4a00000,0x00000006c59db4c8,0x00000006cf200000)
 Metaspace       used 16302K, capacity 16574K, committed 16896K, reserved 1064960K
  class space    used 1863K, capacity 1981K, committed 2048K, reserved 1048576K
}
Event: 11.667 GC heap before
{Heap before GC invocations=5 (full 0):
 PSYoungGen      total 139776K, used 74779K [0x000000076c380000, 0x0000000775680000, 0x00000007c0000000)
  eden space 129024K, 49% used [0x000000076c380000,0x000000077020acb8,0x0000000774180000)
  from space 10752K, 99% used [0x0000000774c00000,0x000000077567c030,0x0000000775680000)
  to   space 10752K, 0% used [0x0000000774180000,0x0000000774180000,0x0000000774c00000)
 ParOldGen       total 172032K, used 16237K [0x00000006c4a00000, 0x00000006cf200000, 0x000000076c380000)
  object space 172032K, 9% used [0x00000006c4a00000,0x00000006c59db4c8,0x00000006cf200000)
 Metaspace       used 20613K, capacity 21100K, committed 21296K, reserved 1069056K
  class space    used 2423K, capacity 2594K, committed 2688K, reserved 1048576K
Event: 11.698 GC heap after
Heap after GC invocations=5 (full 0):
 PSYoungGen      total 139776K, used 10735K [0x000000076c380000, 0x000000077e880000, 0x00000007c0000000)
  eden space 129024K, 0% used [0x000000076c380000,0x000000076c380000,0x0000000774180000)
  from space 10752K, 99% used [0x0000000774180000,0x0000000774bfbe30,0x0000000774c00000)
  to   space 20992K, 0% used [0x000000077d400000,0x000000077d400000,0x000000077e880000)
 ParOldGen       total 172032K, used 20739K [0x00000006c4a00000, 0x00000006cf200000, 0x000000076c380000)
  object space 172032K, 12% used [0x00000006c4a00000,0x00000006c5e40ce0,0x00000006cf200000)
 Metaspace       used 20613K, capacity 21100K, committed 21296K, reserved 1069056K
  class space    used 2423K, capacity 2594K, committed 2688K, reserved 1048576K
}
Event: 11.698 GC heap before
{Heap before GC invocations=6 (full 1):
 PSYoungGen      total 139776K, used 10735K [0x000000076c380000, 0x000000077e880000, 0x00000007c0000000)
  eden space 129024K, 0% used [0x000000076c380000,0x000000076c380000,0x0000000774180000)
  from space 10752K, 99% used [0x0000000774180000,0x0000000774bfbe30,0x0000000774c00000)
  to   space 20992K, 0% used [0x000000077d400000,0x000000077d400000,0x000000077e880000)
 ParOldGen       total 172032K, used 20739K [0x00000006c4a00000, 0x00000006cf200000, 0x000000076c380000)
  object space 172032K, 12% used [0x00000006c4a00000,0x00000006c5e40ce0,0x00000006cf200000)
 Metaspace       used 20613K, capacity 21100K, committed 21296K, reserved 1069056K
  class space    used 2423K, capacity 2594K, committed 2688K, reserved 1048576K
Event: 11.944 GC heap after
Heap after GC invocations=6 (full 1):
 PSYoungGen      total 139776K, used 0K [0x000000076c380000, 0x000000077e880000, 0x00000007c0000000)
  eden space 129024K, 0% used [0x000000076c380000,0x000000076c380000,0x0000000774180000)
  from space 10752K, 0% used [0x0000000774180000,0x0000000774180000,0x0000000774c00000)
  to   space 20992K, 0% used [0x000000077d400000,0x000000077d400000,0x000000077e880000)
 ParOldGen       total 136704K, used 29144K [0x00000006c4a00000, 0x00000006ccf80000, 0x000000076c380000)
  object space 136704K, 21% used [0x00000006c4a00000,0x00000006c66763d8,0x00000006ccf80000)
 Metaspace       used 20613K, capacity 21100K, committed 21296K, reserved 1069056K
  class space    used 2423K, capacity 2594K, committed 2688K, reserved 1048576K
}
Event: 14.854 GC heap before
{Heap before GC invocations=7 (full 1):
 PSYoungGen      total 139776K, used 129024K [0x000000076c380000, 0x000000077e880000, 0x00000007c0000000)
  eden space 129024K, 100% used [0x000000076c380000,0x0000000774180000,0x0000000774180000)
  from space 10752K, 0% used [0x0000000774180000,0x0000000774180000,0x0000000774c00000)
  to   space 20992K, 0% used [0x000000077d400000,0x000000077d400000,0x000000077e880000)
 ParOldGen       total 136704K, used 29144K [0x00000006c4a00000, 0x00000006ccf80000, 0x000000076c380000)
  object space 136704K, 21% used [0x00000006c4a00000,0x00000006c66763d8,0x00000006ccf80000)
 Metaspace       used 22859K, capacity 23372K, committed 23552K, reserved 1071104K
  class space    used 2606K, capacity 2754K, committed 2816K, reserved 1048576K
Event: 14.893 GC heap after
Heap after GC invocations=7 (full 1):
 PSYoungGen      total 209920K, used 20983K [0x000000076c380000, 0x000000077e880000, 0x00000007c0000000)
  eden space 188928K, 0% used [0x000000076c380000,0x000000076c380000,0x0000000777c00000)
  from space 20992K, 99% used [0x000000077d400000,0x000000077e87de00,0x000000077e880000)
  to   space 27648K, 0% used [0x000000077b280000,0x000000077b280000,0x000000077cd80000)
 ParOldGen       total 136704K, used 36508K [0x00000006c4a00000, 0x00000006ccf80000, 0x000000076c380000)
  object space 136704K, 26% used [0x00000006c4a00000,0x00000006c6da7040,0x00000006ccf80000)
 Metaspace       used 22859K, capacity 23372K, committed 23552K, reserved 1071104K
  class space    used 2606K, capacity 2754K, committed 2816K, reserved 1048576K
}
Event: 20.213 GC heap before
{Heap before GC invocations=8 (full 1):
 PSYoungGen      total 209920K, used 209911K [0x000000076c380000, 0x000000077e880000, 0x00000007c0000000)
  eden space 188928K, 100% used [0x000000076c380000,0x0000000777c00000,0x0000000777c00000)
  from space 20992K, 99% used [0x000000077d400000,0x000000077e87de00,0x000000077e880000)
  to   space 27648K, 0% used [0x000000077b280000,0x000000077b280000,0x000000077cd80000)
 ParOldGen       total 136704K, used 36508K [0x00000006c4a00000, 0x00000006ccf80000, 0x000000076c380000)
  object space 136704K, 26% used [0x00000006c4a00000,0x00000006c6da7040,0x00000006ccf80000)
 Metaspace       used 25247K, capacity 25740K, committed 26112K, reserved 1073152K
  class space    used 2766K, capacity 2946K, committed 3072K, reserved 1048576K

