# JRE version: Java(TM) SE Runtime Environment (8.0_77-b03) (build 1.8.0_77-b03)
# Java VM: Java HotSpot(TM) 64-Bit Server VM (25.77-b03 mixed mode windows-amd64 compressed oops)
Heap:
 PSYoungGen      total 266752K, used 266453K [0x000000076c380000, 0x000000077ea00000, 0x00000007c0000000)
  eden space 239104K, 100% used [0x000000076c380000,0x000000077ad00000,0x000000077ad00000)
  from space 27648K, 98% used [0x000000077b180000,0x000000077cc35718,0x000000077cc80000)
  to   space 30208K, 99% used [0x000000077cc80000,0x000000077e9fe3f8,0x000000077ea00000)
 ParOldGen       total 145920K, used 40990K [0x00000006c4a00000, 0x00000006cd880000, 0x000000076c380000)
  object space 145920K, 28% used [0x00000006c4a00000,0x00000006c72079e8,0x00000006cd880000)
 Metaspace       used 31723K, capacity 32554K, committed 32896K, reserved 1079296K
  class space    used 3565K, capacity 3871K, committed 3968K, reserved 1048576K
GC Heap History (10 events):
Event: 8.226 GC heap after
Heap after GC invocations=4 (full 0):
 PSYoungGen      total 139776K, used 10752K [0x000000076c380000, 0x0000000775680000, 0x00000007c0000000)
  eden space 129024K, 0% used [0x000000076c380000,0x000000076c380000,0x0000000774180000)
  from space 10752K, 100% used [0x0000000774c00000,0x0000000775680000,0x0000000775680000)
  to   space 10752K, 0% used [0x0000000774180000,0x0000000774180000,0x0000000774c00000)
 ParOldGen       total 172032K, used 15803K [0x00000006c4a00000, 0x00000006cf200000, 0x000000076c380000)
  object space 172032K, 9% used [0x00000006c4a00000,0x00000006c596ed08,0x00000006cf200000)
 Metaspace       used 16289K, capacity 16574K, committed 16896K, reserved 1064960K
  class space    used 1865K, capacity 1981K, committed 2048K, reserved 1048576K
}
Event: 10.916 GC heap before
{Heap before GC invocations=5 (full 0):
 PSYoungGen      total 139776K, used 74691K [0x000000076c380000, 0x0000000775680000, 0x00000007c0000000)
  eden space 129024K, 49% used [0x000000076c380000,0x00000007701f0d00,0x0000000774180000)
  from space 10752K, 100% used [0x0000000774c00000,0x0000000775680000,0x0000000775680000)
  to   space 10752K, 0% used [0x0000000774180000,0x0000000774180000,0x0000000774c00000)
 ParOldGen       total 172032K, used 15803K [0x00000006c4a00000, 0x00000006cf200000, 0x000000076c380000)
  object space 172032K, 9% used [0x00000006c4a00000,0x00000006c596ed08,0x00000006cf200000)
 Metaspace       used 20571K, capacity 21100K, committed 21296K, reserved 1069056K
  class space    used 2424K, capacity 2594K, committed 2688K, reserved 1048576K
Event: 10.944 GC heap after
Heap after GC invocations=5 (full 0):
 PSYoungGen      total 139776K, used 10736K [0x000000076c380000, 0x000000077e780000, 0x00000007c0000000)
  eden space 129024K, 0% used [0x000000076c380000,0x000000076c380000,0x0000000774180000)
  from space 10752K, 99% used [0x0000000774180000,0x0000000774bfc010,0x0000000774c00000)
  to   space 20480K, 0% used [0x000000077d380000,0x000000077d380000,0x000000077e780000)
 ParOldGen       total 172032K, used 20290K [0x00000006c4a00000, 0x00000006cf200000, 0x000000076c380000)
  object space 172032K, 11% used [0x00000006c4a00000,0x00000006c5dd08a8,0x00000006cf200000)
 Metaspace       used 20571K, capacity 21100K, committed 21296K, reserved 1069056K
  class space    used 2424K, capacity 2594K, committed 2688K, reserved 1048576K
}
Event: 10.944 GC heap before
{Heap before GC invocations=6 (full 1):
 PSYoungGen      total 139776K, used 10736K [0x000000076c380000, 0x000000077e780000, 0x00000007c0000000)
  eden space 129024K, 0% used [0x000000076c380000,0x000000076c380000,0x0000000774180000)
  from space 10752K, 99% used [0x0000000774180000,0x0000000774bfc010,0x0000000774c00000)
  to   space 20480K, 0% used [0x000000077d380000,0x000000077d380000,0x000000077e780000)
 ParOldGen       total 172032K, used 20290K [0x00000006c4a00000, 0x00000006cf200000, 0x000000076c380000)
  object space 172032K, 11% used [0x00000006c4a00000,0x00000006c5dd08a8,0x00000006cf200000)
 Metaspace       used 20571K, capacity 21100K, committed 21296K, reserved 1069056K
  class space    used 2424K, capacity 2594K, committed 2688K, reserved 1048576K
Event: 11.253 GC heap after
Heap after GC invocations=6 (full 1):
 PSYoungGen      total 139776K, used 0K [0x000000076c380000, 0x000000077e780000, 0x00000007c0000000)
  eden space 129024K, 0% used [0x000000076c380000,0x000000076c380000,0x0000000774180000)
  from space 10752K, 0% used [0x0000000774180000,0x0000000774180000,0x0000000774c00000)
  to   space 20480K, 0% used [0x000000077d380000,0x000000077d380000,0x000000077e780000)
 ParOldGen       total 145920K, used 29142K [0x00000006c4a00000, 0x00000006cd880000, 0x000000076c380000)
  object space 145920K, 19% used [0x00000006c4a00000,0x00000006c6675b38,0x00000006cd880000)
 Metaspace       used 20571K, capacity 21100K, committed 21296K, reserved 1069056K
  class space    used 2424K, capacity 2594K, committed 2688K, reserved 1048576K
}
Event: 14.821 GC heap before
{Heap before GC invocations=7 (full 1):
 PSYoungGen      total 139776K, used 129024K [0x000000076c380000, 0x000000077e780000, 0x00000007c0000000)
  eden space 129024K, 100% used [0x000000076c380000,0x0000000774180000,0x0000000774180000)
  from space 10752K, 0% used [0x0000000774180000,0x0000000774180000,0x0000000774c00000)
  to   space 20480K, 0% used [0x000000077d380000,0x000000077d380000,0x000000077e780000)
 ParOldGen       total 145920K, used 29142K [0x00000006c4a00000, 0x00000006cd880000, 0x000000076c380000)
  object space 145920K, 19% used [0x00000006c4a00000,0x00000006c6675b38,0x00000006cd880000)
 Metaspace       used 22820K, capacity 23372K, committed 23552K, reserved 1071104K
  class space    used 2607K, capacity 2754K, committed 2816K, reserved 1048576K
Event: 14.915 GC heap after
Heap after GC invocations=7 (full 1):
 PSYoungGen      total 198656K, used 20477K [0x000000076c380000, 0x000000077e780000, 0x00000007c0000000)
  eden space 178176K, 0% used [0x000000076c380000,0x000000076c380000,0x0000000777180000)
  from space 20480K, 99% used [0x000000077d380000,0x000000077e77f548,0x000000077e780000)
  to   space 27648K, 0% used [0x000000077b180000,0x000000077b180000,0x000000077cc80000)
 ParOldGen       total 145920K, used 37033K [0x00000006c4a00000, 0x00000006cd880000, 0x000000076c380000)
  object space 145920K, 25% used [0x00000006c4a00000,0x00000006c6e2a488,0x00000006cd880000)
 Metaspace       used 22820K, capacity 23372K, committed 23552K, reserved 1071104K
  class space    used 2607K, capacity 2754K, committed 2816K, reserved 1048576K
}
Event: 21.542 GC heap before
{Heap before GC invocations=8 (full 1):
 PSYoungGen      total 198656K, used 198653K [0x000000076c380000, 0x000000077e780000, 0x00000007c0000000)
  eden space 178176K, 100% used [0x000000076c380000,0x0000000777180000,0x0000000777180000)
  from space 20480K, 99% used [0x000000077d380000,0x000000077e77f548,0x000000077e780000)
  to   space 27648K, 0% used [0x000000077b180000,0x000000077b180000,0x000000077cc80000)
 ParOldGen       total 145920K, used 37033K [0x00000006c4a00000, 0x00000006cd880000, 0x000000076c380000)
  object space 145920K, 25% used [0x00000006c4a00000,0x00000006c6e2a488,0x00000006cd880000)
 Metaspace       used 25231K, capacity 25740K, committed 26112K, reserved 1073152K
  class space    used 2768K, capacity 2946K, committed 3072K, reserved 1048576K
Event: 21.585 GC heap after
Heap after GC invocations=8 (full 1):
 PSYoungGen      total 266752K, used 27349K [0x000000076c380000, 0x000000077ea00000, 0x00000007c0000000)
  eden space 239104K, 0% used [0x000000076c380000,0x000000076c380000,0x000000077ad00000)
  from space 27648K, 98% used [0x000000077b180000,0x000000077cc35718,0x000000077cc80000)
  to   space 30208K, 0% used [0x000000077cc80000,0x000000077cc80000,0x000000077ea00000)
 ParOldGen       total 145920K, used 37041K [0x00000006c4a00000, 0x00000006cd880000, 0x000000076c380000)
  object space 145920K, 25% used [0x00000006c4a00000,0x00000006c6e2c488,0x00000006cd880000)
 Metaspace       used 25231K, capacity 25740K, committed 26112K, reserved 1073152K
  class space    used 2768K, capacity 2946K, committed 3072K, reserved 1048576K
}
Event: 29.157 GC heap before
{Heap before GC invocations=9 (full 1):
 PSYoungGen      total 266752K, used 266453K [0x000000076c380000, 0x000000077ea00000, 0x00000007c0000000)
  eden space 239104K, 100% used [0x000000076c380000,0x000000077ad00000,0x000000077ad00000)
  from space 27648K, 98% used [0x000000077b180000,0x000000077cc35718,0x000000077cc80000)
  to   space 30208K, 0% used [0x000000077cc80000,0x000000077cc80000,0x000000077ea00000)
 ParOldGen       total 145920K, used 37041K [0x00000006c4a00000, 0x00000006cd880000, 0x000000076c380000)
  object space 145920K, 25% used [0x00000006c4a00000,0x00000006c6e2c488,0x00000006cd880000)
 Metaspace       used 31723K, capacity 32554K, committed 32896K, reserved 1079296K
  class space    used 3565K, capacity 3871K, committed 3968K, reserved 1048576K

