# JRE version: Java(TM) SE Runtime Environment (8.0_77-b03) (build 1.8.0_77-b03)
# Java VM: Java HotSpot(TM) 64-Bit Server VM (25.77-b03 mixed mode windows-amd64 compressed oops)
Heap:
 PSYoungGen      total 296960K, used 152685K [0x000000076c380000, 0x0000000785280000, 0x00000007c0000000)
  eden space 282624K, 49% used [0x000000076c380000,0x0000000774af7a78,0x000000077d780000)
  from space 14336K, 97% used [0x000000077e780000,0x000000077f523b70,0x000000077f580000)
  to   space 16384K, 0% used [0x000000077d780000,0x000000077d780000,0x000000077e780000)
 ParOldGen       total 167424K, used 17844K [0x00000006c4a00000, 0x00000006ced80000, 0x000000076c380000)
  object space 167424K, 10% used [0x00000006c4a00000,0x00000006c5b6d378,0x00000006ced80000)
 Metaspace       used 46295K, capacity 48568K, committed 48680K, reserved 1091584K
  class space    used 6194K, capacity 6633K, committed 6696K, reserved 1048576K
GC Heap History (10 events):
Event: 4.738 GC heap before
{Heap before GC invocations=4 (full 1):
 PSYoungGen      total 139776K, used 9224K [0x000000076c380000, 0x000000077d480000, 0x00000007c0000000)
  eden space 129024K, 0% used [0x000000076c380000,0x000000076c380000,0x0000000774180000)
  from space 10752K, 85% used [0x0000000774180000,0x0000000774a82298,0x0000000774c00000)
  to   space 10752K, 0% used [0x000000077ca00000,0x000000077ca00000,0x000000077d480000)
 ParOldGen       total 172032K, used 32K [0x00000006c4a00000, 0x00000006cf200000, 0x000000076c380000)
  object space 172032K, 0% used [0x00000006c4a00000,0x00000006c4a08000,0x00000006cf200000)
 Metaspace       used 20034K, capacity 21188K, committed 21296K, reserved 1067008K
  class space    used 2615K, capacity 2871K, committed 2944K, reserved 1048576K
Event: 4.786 GC heap after
Heap after GC invocations=4 (full 1):
 PSYoungGen      total 139776K, used 0K [0x000000076c380000, 0x000000077d480000, 0x00000007c0000000)
  eden space 129024K, 0% used [0x000000076c380000,0x000000076c380000,0x0000000774180000)
  from space 10752K, 0% used [0x0000000774180000,0x0000000774180000,0x0000000774c00000)
  to   space 10752K, 0% used [0x000000077ca00000,0x000000077ca00000,0x000000077d480000)
 ParOldGen       total 104960K, used 8933K [0x00000006c4a00000, 0x00000006cb080000, 0x000000076c380000)
  object space 104960K, 8% used [0x00000006c4a00000,0x00000006c52b94c0,0x00000006cb080000)
 Metaspace       used 20034K, capacity 21188K, committed 21296K, reserved 1067008K
  class space    used 2615K, capacity 2871K, committed 2944K, reserved 1048576K
}
Event: 6.992 GC heap before
{Heap before GC invocations=5 (full 1):
 PSYoungGen      total 139776K, used 129024K [0x000000076c380000, 0x000000077d480000, 0x00000007c0000000)
  eden space 129024K, 100% used [0x000000076c380000,0x0000000774180000,0x0000000774180000)
  from space 10752K, 0% used [0x0000000774180000,0x0000000774180000,0x0000000774c00000)
  to   space 10752K, 0% used [0x000000077ca00000,0x000000077ca00000,0x000000077d480000)
 ParOldGen       total 104960K, used 8933K [0x00000006c4a00000, 0x00000006cb080000, 0x000000076c380000)
  object space 104960K, 8% used [0x00000006c4a00000,0x00000006c52b94c0,0x00000006cb080000)
 Metaspace       used 28629K, capacity 30148K, committed 30336K, reserved 1075200K
  class space    used 3812K, capacity 4145K, committed 4224K, reserved 1048576K
Event: 7.010 GC heap after
Heap after GC invocations=5 (full 1):
 PSYoungGen      total 205312K, used 10736K [0x000000076c380000, 0x000000077d480000, 0x00000007c0000000)
  eden space 194560K, 0% used [0x000000076c380000,0x000000076c380000,0x0000000778180000)
  from space 10752K, 99% used [0x000000077ca00000,0x000000077d47c198,0x000000077d480000)
  to   space 10752K, 0% used [0x000000077bf80000,0x000000077bf80000,0x000000077ca00000)
 ParOldGen       total 104960K, used 9835K [0x00000006c4a00000, 0x00000006cb080000, 0x000000076c380000)
  object space 104960K, 9% used [0x00000006c4a00000,0x00000006c539aca0,0x00000006cb080000)
 Metaspace       used 28629K, capacity 30148K, committed 30336K, reserved 1075200K
  class space    used 3812K, capacity 4145K, committed 4224K, reserved 1048576K
}
Event: 10.941 GC heap before
{Heap before GC invocations=6 (full 1):
 PSYoungGen      total 205312K, used 160399K [0x000000076c380000, 0x000000077d480000, 0x00000007c0000000)
  eden space 194560K, 76% used [0x000000076c380000,0x00000007755a7cc0,0x0000000778180000)
  from space 10752K, 99% used [0x000000077ca00000,0x000000077d47c198,0x000000077d480000)
  to   space 10752K, 0% used [0x000000077bf80000,0x000000077bf80000,0x000000077ca00000)
 ParOldGen       total 104960K, used 9835K [0x00000006c4a00000, 0x00000006cb080000, 0x000000076c380000)
  object space 104960K, 9% used [0x00000006c4a00000,0x00000006c539aca0,0x00000006cb080000)
 Metaspace       used 33784K, capacity 35486K, committed 35496K, reserved 1079296K
  class space    used 4407K, capacity 4768K, committed 4776K, reserved 1048576K
Event: 10.955 GC heap after
Heap after GC invocations=6 (full 1):
 PSYoungGen      total 268800K, used 10736K [0x000000076c380000, 0x000000077f580000, 0x00000007c0000000)
  eden space 258048K, 0% used [0x000000076c380000,0x000000076c380000,0x000000077bf80000)
  from space 10752K, 99% used [0x000000077bf80000,0x000000077c9fc0d8,0x000000077ca00000)
  to   space 14336K, 0% used [0x000000077e780000,0x000000077e780000,0x000000077f580000)
 ParOldGen       total 104960K, used 12056K [0x00000006c4a00000, 0x00000006cb080000, 0x000000076c380000)
  object space 104960K, 11% used [0x00000006c4a00000,0x00000006c55c6330,0x00000006cb080000)
 Metaspace       used 33784K, capacity 35486K, committed 35496K, reserved 1079296K
  class space    used 4407K, capacity 4768K, committed 4776K, reserved 1048576K
}
Event: 10.956 GC heap before
{Heap before GC invocations=7 (full 2):
 PSYoungGen      total 268800K, used 10736K [0x000000076c380000, 0x000000077f580000, 0x00000007c0000000)
  eden space 258048K, 0% used [0x000000076c380000,0x000000076c380000,0x000000077bf80000)
  from space 10752K, 99% used [0x000000077bf80000,0x000000077c9fc0d8,0x000000077ca00000)
  to   space 14336K, 0% used [0x000000077e780000,0x000000077e780000,0x000000077f580000)
 ParOldGen       total 104960K, used 12056K [0x00000006c4a00000, 0x00000006cb080000, 0x000000076c380000)
  object space 104960K, 11% used [0x00000006c4a00000,0x00000006c55c6330,0x00000006cb080000)
 Metaspace       used 33784K, capacity 35486K, committed 35496K, reserved 1079296K
  class space    used 4407K, capacity 4768K, committed 4776K, reserved 1048576K
Event: 11.016 GC heap after
Heap after GC invocations=7 (full 2):
 PSYoungGen      total 268800K, used 0K [0x000000076c380000, 0x000000077f580000, 0x00000007c0000000)
  eden space 258048K, 0% used [0x000000076c380000,0x000000076c380000,0x000000077bf80000)
  from space 10752K, 0% used [0x000000077bf80000,0x000000077bf80000,0x000000077ca00000)
  to   space 14336K, 0% used [0x000000077e780000,0x000000077e780000,0x000000077f580000)
 ParOldGen       total 167424K, used 17836K [0x00000006c4a00000, 0x00000006ced80000, 0x000000076c380000)
  object space 167424K, 10% used [0x00000006c4a00000,0x00000006c5b6b378,0x00000006ced80000)
 Metaspace       used 33784K, capacity 35486K, committed 35496K, reserved 1079296K
  class space    used 4407K, capacity 4768K, committed 4776K, reserved 1048576K
}
Event: 14.818 GC heap before
{Heap before GC invocations=8 (full 2):
 PSYoungGen      total 268800K, used 258048K [0x000000076c380000, 0x000000077f580000, 0x00000007c0000000)
  eden space 258048K, 100% used [0x000000076c380000,0x000000077bf80000,0x000000077bf80000)
  from space 10752K, 0% used [0x000000077bf80000,0x000000077bf80000,0x000000077ca00000)
  to   space 14336K, 0% used [0x000000077e780000,0x000000077e780000,0x000000077f580000)
 ParOldGen       total 167424K, used 17836K [0x00000006c4a00000, 0x00000006ced80000, 0x000000076c380000)
  object space 167424K, 10% used [0x00000006c4a00000,0x00000006c5b6b378,0x00000006ced80000)
 Metaspace       used 40177K, capacity 42328K, committed 42408K, reserved 1085440K
  class space    used 5400K, capacity 5785K, committed 5800K, reserved 1048576K
Event: 14.846 GC heap after
Heap after GC invocations=8 (full 2):
 PSYoungGen      total 296960K, used 13966K [0x000000076c380000, 0x0000000785280000, 0x00000007c0000000)
  eden space 282624K, 0% used [0x000000076c380000,0x000000076c380000,0x000000077d780000)
  from space 14336K, 97% used [0x000000077e780000,0x000000077f523b70,0x000000077f580000)
  to   space 16384K, 0% used [0x000000077d780000,0x000000077d780000,0x000000077e780000)
 ParOldGen       total 167424K, used 17844K [0x00000006c4a00000, 0x00000006ced80000, 0x000000076c380000)
  object space 167424K, 10% used [0x00000006c4a00000,0x00000006c5b6d378,0x00000006ced80000)
 Metaspace       used 40177K, capacity 42328K, committed 42408K, reserved 1085440K
  class space    used 5400K, capacity 5785K, committed 5800K, reserved 1048576K
}

