# JRE version: Java(TM) SE Runtime Environment (8.0_77-b03) (build 1.8.0_77-b03)
# Java VM: Java HotSpot(TM) 64-Bit Server VM (25.77-b03 mixed mode windows-amd64 compressed oops)
Heap:
 PSYoungGen      total 276480K, used 153153K [0x000000076c380000, 0x000000077fd00000, 0x00000007c0000000)
  eden space 248832K, 50% used [0x000000076c380000,0x0000000773e12dc8,0x000000077b680000)
  from space 27648K, 99% used [0x000000077b680000,0x000000077d17d990,0x000000077d180000)
  to   space 35328K, 0% used [0x000000077da80000,0x000000077da80000,0x000000077fd00000)
 ParOldGen       total 147968K, used 42554K [0x00000006c4a00000, 0x00000006cda80000, 0x000000076c380000)
  object space 147968K, 28% used [0x00000006c4a00000,0x00000006c738e9f8,0x00000006cda80000)
 Metaspace       used 31194K, capacity 32044K, committed 32256K, reserved 1077248K
  class space    used 3572K, capacity 3827K, committed 3840K, reserved 1048576K
GC Heap History (10 events):
Event: 5.174 GC heap before
{Heap before GC invocations=4 (full 0):
 PSYoungGen      total 75264K, used 75232K [0x000000076c380000, 0x0000000775680000, 0x00000007c0000000)
  eden space 64512K, 100% used [0x000000076c380000,0x0000000770280000,0x0000000770280000)
  from space 10752K, 99% used [0x0000000770280000,0x0000000770cf8040,0x0000000770d00000)
  to   space 10752K, 0% used [0x0000000774c00000,0x0000000774c00000,0x0000000775680000)
 ParOldGen       total 172032K, used 9030K [0x00000006c4a00000, 0x00000006cf200000, 0x000000076c380000)
  object space 172032K, 5% used [0x00000006c4a00000,0x00000006c52d1958,0x00000006cf200000)
 Metaspace       used 16132K, capacity 16356K, committed 16640K, reserved 1064960K
  class space    used 1849K, capacity 1950K, committed 2048K, reserved 1048576K
Event: 5.221 GC heap after
Heap after GC invocations=4 (full 0):
 PSYoungGen      total 139776K, used 10736K [0x000000076c380000, 0x0000000775680000, 0x00000007c0000000)
  eden space 129024K, 0% used [0x000000076c380000,0x000000076c380000,0x0000000774180000)
  from space 10752K, 99% used [0x0000000774c00000,0x000000077567c010,0x0000000775680000)
  to   space 10752K, 0% used [0x0000000774180000,0x0000000774180000,0x0000000774c00000)
 ParOldGen       total 172032K, used 17698K [0x00000006c4a00000, 0x00000006cf200000, 0x000000076c380000)
  object space 172032K, 10% used [0x00000006c4a00000,0x00000006c5b48ae8,0x00000006cf200000)
 Metaspace       used 16132K, capacity 16356K, committed 16640K, reserved 1064960K
  class space    used 1849K, capacity 1950K, committed 2048K, reserved 1048576K
}
Event: 7.601 GC heap before
{Heap before GC invocations=5 (full 0):
 PSYoungGen      total 139776K, used 95681K [0x000000076c380000, 0x0000000775680000, 0x00000007c0000000)
  eden space 129024K, 65% used [0x000000076c380000,0x0000000771674750,0x0000000774180000)
  from space 10752K, 99% used [0x0000000774c00000,0x000000077567c010,0x0000000775680000)
  to   space 10752K, 0% used [0x0000000774180000,0x0000000774180000,0x0000000774c00000)
 ParOldGen       total 172032K, used 17698K [0x00000006c4a00000, 0x00000006cf200000, 0x000000076c380000)
  object space 172032K, 10% used [0x00000006c4a00000,0x00000006c5b48ae8,0x00000006cf200000)
 Metaspace       used 20540K, capacity 21062K, committed 21296K, reserved 1069056K
  class space    used 2417K, capacity 2561K, committed 2688K, reserved 1048576K
Event: 7.643 GC heap after
Heap after GC invocations=5 (full 0):
 PSYoungGen      total 139776K, used 10736K [0x000000076c380000, 0x000000077ec80000, 0x00000007c0000000)
  eden space 129024K, 0% used [0x000000076c380000,0x000000076c380000,0x0000000774180000)
  from space 10752K, 99% used [0x0000000774180000,0x0000000774bfc010,0x0000000774c00000)
  to   space 23040K, 0% used [0x000000077d600000,0x000000077d600000,0x000000077ec80000)
 ParOldGen       total 172032K, used 24722K [0x00000006c4a00000, 0x00000006cf200000, 0x000000076c380000)
  object space 172032K, 14% used [0x00000006c4a00000,0x00000006c6224858,0x00000006cf200000)
 Metaspace       used 20540K, capacity 21062K, committed 21296K, reserved 1069056K
  class space    used 2417K, capacity 2561K, committed 2688K, reserved 1048576K
}
Event: 7.643 GC heap before
{Heap before GC invocations=6 (full 1):
 PSYoungGen      total 139776K, used 10736K [0x000000076c380000, 0x000000077ec80000, 0x00000007c0000000)
  eden space 129024K, 0% used [0x000000076c380000,0x000000076c380000,0x0000000774180000)
  from space 10752K, 99% used [0x0000000774180000,0x0000000774bfc010,0x0000000774c00000)
  to   space 23040K, 0% used [0x000000077d600000,0x000000077d600000,0x000000077ec80000)
 ParOldGen       total 172032K, used 24722K [0x00000006c4a00000, 0x00000006cf200000, 0x000000076c380000)
  object space 172032K, 14% used [0x00000006c4a00000,0x00000006c6224858,0x00000006cf200000)
 Metaspace       used 20540K, capacity 21062K, committed 21296K, reserved 1069056K
  class space    used 2417K, capacity 2561K, committed 2688K, reserved 1048576K
Event: 7.892 GC heap after
Heap after GC invocations=6 (full 1):
 PSYoungGen      total 139776K, used 0K [0x000000076c380000, 0x000000077ec80000, 0x00000007c0000000)
  eden space 129024K, 0% used [0x000000076c380000,0x000000076c380000,0x0000000774180000)
  from space 10752K, 0% used [0x0000000774180000,0x0000000774180000,0x0000000774c00000)
  to   space 23040K, 0% used [0x000000077d600000,0x000000077d600000,0x000000077ec80000)
 ParOldGen       total 147968K, used 32827K [0x00000006c4a00000, 0x00000006cda80000, 0x000000076c380000)
  object space 147968K, 22% used [0x00000006c4a00000,0x00000006c6a0ed08,0x00000006cda80000)
 Metaspace       used 20540K, capacity 21062K, committed 21296K, reserved 1069056K
  class space    used 2417K, capacity 2561K, committed 2688K, reserved 1048576K
}
Event: 9.973 GC heap before
{Heap before GC invocations=7 (full 1):
 PSYoungGen      total 139776K, used 129024K [0x000000076c380000, 0x000000077ec80000, 0x00000007c0000000)
  eden space 129024K, 100% used [0x000000076c380000,0x0000000774180000,0x0000000774180000)
  from space 10752K, 0% used [0x0000000774180000,0x0000000774180000,0x0000000774c00000)
  to   space 23040K, 0% used [0x000000077d600000,0x000000077d600000,0x000000077ec80000)
 ParOldGen       total 147968K, used 32827K [0x00000006c4a00000, 0x00000006cda80000, 0x000000076c380000)
  object space 147968K, 22% used [0x00000006c4a00000,0x00000006c6a0ed08,0x00000006cda80000)
 Metaspace       used 23406K, capacity 23974K, committed 24192K, reserved 1071104K
  class space    used 2685K, capacity 2849K, committed 2944K, reserved 1048576K
Event: 10.008 GC heap after
Heap after GC invocations=7 (full 1):
 PSYoungGen      total 202240K, used 23034K [0x000000076c380000, 0x000000077ec80000, 0x00000007c0000000)
  eden space 179200K, 0% used [0x000000076c380000,0x000000076c380000,0x0000000777280000)
  from space 23040K, 99% used [0x000000077d600000,0x000000077ec7ebc8,0x000000077ec80000)
  to   space 27648K, 0% used [0x000000077b680000,0x000000077b680000,0x000000077d180000)
 ParOldGen       total 147968K, used 35686K [0x00000006c4a00000, 0x00000006cda80000, 0x000000076c380000)
  object space 147968K, 24% used [0x00000006c4a00000,0x00000006c6cd9938,0x00000006cda80000)
 Metaspace       used 23406K, capacity 23974K, committed 24192K, reserved 1071104K
  class space    used 2685K, capacity 2849K, committed 2944K, reserved 1048576K
}
Event: 14.356 GC heap before
{Heap before GC invocations=8 (full 1):
 PSYoungGen      total 202240K, used 202234K [0x000000076c380000, 0x000000077ec80000, 0x00000007c0000000)
  eden space 179200K, 100% used [0x000000076c380000,0x0000000777280000,0x0000000777280000)
  from space 23040K, 99% used [0x000000077d600000,0x000000077ec7ebc8,0x000000077ec80000)
  to   space 27648K, 0% used [0x000000077b680000,0x000000077b680000,0x000000077d180000)
 ParOldGen       total 147968K, used 35686K [0x00000006c4a00000, 0x00000006cda80000, 0x000000076c380000)
  object space 147968K, 24% used [0x00000006c4a00000,0x00000006c6cd9938,0x00000006cda80000)
 Metaspace       used 26668K, capacity 27326K, committed 27520K, reserved 1073152K
  class space    used 2953K, capacity 3172K, committed 3200K, reserved 1048576K
Event: 14.456 GC heap after
Heap after GC invocations=8 (full 1):
 PSYoungGen      total 276480K, used 27638K [0x000000076c380000, 0x000000077fd00000, 0x00000007c0000000)
  eden space 248832K, 0% used [0x000000076c380000,0x000000076c380000,0x000000077b680000)
  from space 27648K, 99% used [0x000000077b680000,0x000000077d17d990,0x000000077d180000)
  to   space 35328K, 0% used [0x000000077da80000,0x000000077da80000,0x000000077fd00000)
 ParOldGen       total 147968K, used 42554K [0x00000006c4a00000, 0x00000006cda80000, 0x000000076c380000)
  object space 147968K, 28% used [0x00000006c4a00000,0x00000006c738e9f8,0x00000006cda80000)
 Metaspace       used 26668K, capacity 27326K, committed 27520K, reserved 1073152K
  class space    used 2953K, capacity 3172K, committed 3200K, reserved 1048576K
}

