# JRE version: Java(TM) SE Runtime Environment (8.0_77-b03) (build 1.8.0_77-b03)
# Java VM: Java HotSpot(TM) 64-Bit Server VM (25.77-b03 mixed mode windows-amd64 compressed oops)
Heap:
 PSYoungGen      total 75264K, used 54089K [0x000000076c380000, 0x0000000771780000, 0x00000007c0000000)
  eden space 64512K, 83% used [0x000000076c380000,0x000000076f852668,0x0000000770280000)
  from space 10752K, 0% used [0x0000000770280000,0x0000000770280000,0x0000000770d00000)
  to   space 10752K, 0% used [0x0000000770d00000,0x0000000770d00000,0x0000000771780000)
 ParOldGen       total 109056K, used 8431K [0x00000006c4a00000, 0x00000006cb480000, 0x000000076c380000)
  object space 109056K, 7% used [0x00000006c4a00000,0x00000006c523bd78,0x00000006cb480000)
 Metaspace       used 25242K, capacity 26498K, committed 26800K, reserved 1073152K
  class space    used 3362K, capacity 3640K, committed 3760K, reserved 1048576K
GC Heap History (8 events):
Event: 2.187 GC heap before
{Heap before GC invocations=1 (full 0):
 PSYoungGen      total 75264K, used 64512K [0x000000076c380000, 0x0000000771780000, 0x00000007c0000000)
  eden space 64512K, 100% used [0x000000076c380000,0x0000000770280000,0x0000000770280000)
  from space 10752K, 0% used [0x0000000770d00000,0x0000000770d00000,0x0000000771780000)
  to   space 10752K, 0% used [0x0000000770280000,0x0000000770280000,0x0000000770d00000)
 ParOldGen       total 172032K, used 0K [0x00000006c4a00000, 0x00000006cf200000, 0x000000076c380000)
  object space 172032K, 0% used [0x00000006c4a00000,0x00000006c4a00000,0x00000006cf200000)
 Metaspace       used 10517K, capacity 10970K, committed 11264K, reserved 1058816K
  class space    used 1284K, capacity 1409K, committed 1536K, reserved 1048576K
Event: 2.198 GC heap after
Heap after GC invocations=1 (full 0):
 PSYoungGen      total 75264K, used 6821K [0x000000076c380000, 0x0000000771780000, 0x00000007c0000000)
  eden space 64512K, 0% used [0x000000076c380000,0x000000076c380000,0x0000000770280000)
  from space 10752K, 63% used [0x0000000770280000,0x0000000770929418,0x0000000770d00000)
  to   space 10752K, 0% used [0x0000000770d00000,0x0000000770d00000,0x0000000771780000)
 ParOldGen       total 172032K, used 8K [0x00000006c4a00000, 0x00000006cf200000, 0x000000076c380000)
  object space 172032K, 0% used [0x00000006c4a00000,0x00000006c4a02000,0x00000006cf200000)
 Metaspace       used 10517K, capacity 10970K, committed 11264K, reserved 1058816K
  class space    used 1284K, capacity 1409K, committed 1536K, reserved 1048576K
}
Event: 3.432 GC heap before
{Heap before GC invocations=2 (full 0):
 PSYoungGen      total 75264K, used 71333K [0x000000076c380000, 0x0000000771780000, 0x00000007c0000000)
  eden space 64512K, 100% used [0x000000076c380000,0x0000000770280000,0x0000000770280000)
  from space 10752K, 63% used [0x0000000770280000,0x0000000770929418,0x0000000770d00000)
  to   space 10752K, 0% used [0x0000000770d00000,0x0000000770d00000,0x0000000771780000)
 ParOldGen       total 172032K, used 8K [0x00000006c4a00000, 0x00000006cf200000, 0x000000076c380000)
  object space 172032K, 0% used [0x00000006c4a00000,0x00000006c4a02000,0x00000006cf200000)
 Metaspace       used 16174K, capacity 17108K, committed 17408K, reserved 1064960K
  class space    used 2020K, capacity 2227K, committed 2304K, reserved 1048576K
Event: 3.446 GC heap after
Heap after GC invocations=2 (full 0):
 PSYoungGen      total 75264K, used 7677K [0x000000076c380000, 0x0000000771780000, 0x00000007c0000000)
  eden space 64512K, 0% used [0x000000076c380000,0x000000076c380000,0x0000000770280000)
  from space 10752K, 71% used [0x0000000770d00000,0x000000077147f598,0x0000000771780000)
  to   space 10752K, 0% used [0x0000000770280000,0x0000000770280000,0x0000000770d00000)
 ParOldGen       total 172032K, used 16K [0x00000006c4a00000, 0x00000006cf200000, 0x000000076c380000)
  object space 172032K, 0% used [0x00000006c4a00000,0x00000006c4a04000,0x00000006cf200000)
 Metaspace       used 16174K, capacity 17108K, committed 17408K, reserved 1064960K
  class space    used 2020K, capacity 2227K, committed 2304K, reserved 1048576K
}
Event: 4.520 GC heap before
{Heap before GC invocations=3 (full 0):
 PSYoungGen      total 75264K, used 62983K [0x000000076c380000, 0x0000000771780000, 0x00000007c0000000)
  eden space 64512K, 85% used [0x000000076c380000,0x000000076f9829f0,0x0000000770280000)
  from space 10752K, 71% used [0x0000000770d00000,0x000000077147f598,0x0000000771780000)
  to   space 10752K, 0% used [0x0000000770280000,0x0000000770280000,0x0000000770d00000)
 ParOldGen       total 172032K, used 16K [0x00000006c4a00000, 0x00000006cf200000, 0x000000076c380000)
  object space 172032K, 0% used [0x00000006c4a00000,0x00000006c4a04000,0x00000006cf200000)
 Metaspace       used 20233K, capacity 21186K, committed 21296K, reserved 1067008K
  class space    used 2612K, capacity 2834K, committed 2864K, reserved 1048576K
Event: 4.531 GC heap after
Heap after GC invocations=3 (full 0):
 PSYoungGen      total 75264K, used 8795K [0x000000076c380000, 0x0000000771780000, 0x00000007c0000000)
  eden space 64512K, 0% used [0x000000076c380000,0x000000076c380000,0x0000000770280000)
  from space 10752K, 81% used [0x0000000770280000,0x0000000770b16fa0,0x0000000770d00000)
  to   space 10752K, 0% used [0x0000000770d00000,0x0000000770d00000,0x0000000771780000)
 ParOldGen       total 172032K, used 24K [0x00000006c4a00000, 0x00000006cf200000, 0x000000076c380000)
  object space 172032K, 0% used [0x00000006c4a00000,0x00000006c4a06000,0x00000006cf200000)
 Metaspace       used 20233K, capacity 21186K, committed 21296K, reserved 1067008K
  class space    used 2612K, capacity 2834K, committed 2864K, reserved 1048576K
}
Event: 4.531 GC heap before
{Heap before GC invocations=4 (full 1):
 PSYoungGen      total 75264K, used 8795K [0x000000076c380000, 0x0000000771780000, 0x00000007c0000000)
  eden space 64512K, 0% used [0x000000076c380000,0x000000076c380000,0x0000000770280000)
  from space 10752K, 81% used [0x0000000770280000,0x0000000770b16fa0,0x0000000770d00000)
  to   space 10752K, 0% used [0x0000000770d00000,0x0000000770d00000,0x0000000771780000)
 ParOldGen       total 172032K, used 24K [0x00000006c4a00000, 0x00000006cf200000, 0x000000076c380000)
  object space 172032K, 0% used [0x00000006c4a00000,0x00000006c4a06000,0x00000006cf200000)
 Metaspace       used 20233K, capacity 21186K, committed 21296K, reserved 1067008K
  class space    used 2612K, capacity 2834K, committed 2864K, reserved 1048576K
Event: 4.580 GC heap after
Heap after GC invocations=4 (full 1):
 PSYoungGen      total 75264K, used 0K [0x000000076c380000, 0x0000000771780000, 0x00000007c0000000)
  eden space 64512K, 0% used [0x000000076c380000,0x000000076c380000,0x0000000770280000)
  from space 10752K, 0% used [0x0000000770280000,0x0000000770280000,0x0000000770d00000)
  to   space 10752K, 0% used [0x0000000770d00000,0x0000000770d00000,0x0000000771780000)
 ParOldGen       total 109056K, used 8431K [0x00000006c4a00000, 0x00000006cb480000, 0x000000076c380000)
  object space 109056K, 7% used [0x00000006c4a00000,0x00000006c523bd78,0x00000006cb480000)
 Metaspace       used 20233K, capacity 21186K, committed 21296K, reserved 1067008K
  class space    used 2612K, capacity 2834K, committed 2864K, reserved 1048576K
}

