# JRE version: Java(TM) SE Runtime Environment (8.0_77-b03) (build 1.8.0_77-b03)
# Java VM: Java HotSpot(TM) 64-Bit Server VM (25.77-b03 mixed mode windows-amd64 compressed oops)
Heap:
 PSYoungGen      total 75264K, used 47545K [0x000000076c380000, 0x0000000775680000, 0x00000007c0000000)
  eden space 64512K, 73% used [0x000000076c380000,0x000000076f1ee6b8,0x0000000770280000)
  from space 10752K, 0% used [0x0000000770280000,0x0000000770280000,0x0000000770d00000)
  to   space 10752K, 0% used [0x0000000774c00000,0x0000000774c00000,0x0000000775680000)
 ParOldGen       total 103424K, used 8516K [0x00000006c4a00000, 0x00000006caf00000, 0x000000076c380000)
  object space 103424K, 8% used [0x00000006c4a00000,0x00000006c5251008,0x00000006caf00000)
 Metaspace       used 24730K, capacity 25912K, committed 26032K, reserved 1071104K
  class space    used 3271K, capacity 3501K, committed 3504K, reserved 1048576K
GC Heap History (8 events):
Event: 3.083 GC heap before
{Heap before GC invocations=1 (full 0):
 PSYoungGen      total 75264K, used 64512K [0x000000076c380000, 0x0000000771780000, 0x00000007c0000000)
  eden space 64512K, 100% used [0x000000076c380000,0x0000000770280000,0x0000000770280000)
  from space 10752K, 0% used [0x0000000770d00000,0x0000000770d00000,0x0000000771780000)
  to   space 10752K, 0% used [0x0000000770280000,0x0000000770280000,0x0000000770d00000)
 ParOldGen       total 172032K, used 0K [0x00000006c4a00000, 0x00000006cf200000, 0x000000076c380000)
  object space 172032K, 0% used [0x00000006c4a00000,0x00000006c4a00000,0x00000006cf200000)
 Metaspace       used 10509K, capacity 10922K, committed 11264K, reserved 1058816K
  class space    used 1285K, capacity 1409K, committed 1536K, reserved 1048576K
Event: 3.104 GC heap after
Heap after GC invocations=1 (full 0):
 PSYoungGen      total 75264K, used 6741K [0x000000076c380000, 0x0000000771780000, 0x00000007c0000000)
  eden space 64512K, 0% used [0x000000076c380000,0x000000076c380000,0x0000000770280000)
  from space 10752K, 62% used [0x0000000770280000,0x0000000770915500,0x0000000770d00000)
  to   space 10752K, 0% used [0x0000000770d00000,0x0000000770d00000,0x0000000771780000)
 ParOldGen       total 172032K, used 16K [0x00000006c4a00000, 0x00000006cf200000, 0x000000076c380000)
  object space 172032K, 0% used [0x00000006c4a00000,0x00000006c4a04000,0x00000006cf200000)
 Metaspace       used 10509K, capacity 10922K, committed 11264K, reserved 1058816K
  class space    used 1285K, capacity 1409K, committed 1536K, reserved 1048576K
}
Event: 5.664 GC heap before
{Heap before GC invocations=2 (full 0):
 PSYoungGen      total 75264K, used 71253K [0x000000076c380000, 0x0000000771780000, 0x00000007c0000000)
  eden space 64512K, 100% used [0x000000076c380000,0x0000000770280000,0x0000000770280000)
  from space 10752K, 62% used [0x0000000770280000,0x0000000770915500,0x0000000770d00000)
  to   space 10752K, 0% used [0x0000000770d00000,0x0000000770d00000,0x0000000771780000)
 ParOldGen       total 172032K, used 16K [0x00000006c4a00000, 0x00000006cf200000, 0x000000076c380000)
  object space 172032K, 0% used [0x00000006c4a00000,0x00000006c4a04000,0x00000006cf200000)
 Metaspace       used 16160K, capacity 17126K, committed 17408K, reserved 1064960K
  class space    used 2018K, capacity 2226K, committed 2304K, reserved 1048576K
Event: 5.703 GC heap after
Heap after GC invocations=2 (full 0):
 PSYoungGen      total 75264K, used 7712K [0x000000076c380000, 0x0000000775680000, 0x00000007c0000000)
  eden space 64512K, 0% used [0x000000076c380000,0x000000076c380000,0x0000000770280000)
  from space 10752K, 71% used [0x0000000770d00000,0x00000007714883c0,0x0000000771780000)
  to   space 10752K, 0% used [0x0000000770280000,0x0000000770280000,0x0000000770d00000)
 ParOldGen       total 172032K, used 24K [0x00000006c4a00000, 0x00000006cf200000, 0x000000076c380000)
  object space 172032K, 0% used [0x00000006c4a00000,0x00000006c4a06000,0x00000006cf200000)
 Metaspace       used 16160K, capacity 17126K, committed 17408K, reserved 1064960K
  class space    used 2018K, capacity 2226K, committed 2304K, reserved 1048576K
}
Event: 7.152 GC heap before
{Heap before GC invocations=3 (full 0):
 PSYoungGen      total 75264K, used 63305K [0x000000076c380000, 0x0000000775680000, 0x00000007c0000000)
  eden space 64512K, 86% used [0x000000076c380000,0x000000076f9ca120,0x0000000770280000)
  from space 10752K, 71% used [0x0000000770d00000,0x00000007714883c0,0x0000000771780000)
  to   space 10752K, 0% used [0x0000000770280000,0x0000000770280000,0x0000000770d00000)
 ParOldGen       total 172032K, used 24K [0x00000006c4a00000, 0x00000006cf200000, 0x000000076c380000)
  object space 172032K, 0% used [0x00000006c4a00000,0x00000006c4a06000,0x00000006cf200000)
 Metaspace       used 20245K, capacity 21210K, committed 21296K, reserved 1067008K
  class space    used 2612K, capacity 2834K, committed 2864K, reserved 1048576K
Event: 7.176 GC heap after
Heap after GC invocations=3 (full 0):
 PSYoungGen      total 75264K, used 8803K [0x000000076c380000, 0x0000000775680000, 0x00000007c0000000)
  eden space 64512K, 0% used [0x000000076c380000,0x000000076c380000,0x0000000770280000)
  from space 10752K, 81% used [0x0000000770280000,0x0000000770b18c28,0x0000000770d00000)
  to   space 10752K, 0% used [0x0000000774c00000,0x0000000774c00000,0x0000000775680000)
 ParOldGen       total 172032K, used 32K [0x00000006c4a00000, 0x00000006cf200000, 0x000000076c380000)
  object space 172032K, 0% used [0x00000006c4a00000,0x00000006c4a08000,0x00000006cf200000)
 Metaspace       used 20245K, capacity 21210K, committed 21296K, reserved 1067008K
  class space    used 2612K, capacity 2834K, committed 2864K, reserved 1048576K
}
Event: 7.176 GC heap before
{Heap before GC invocations=4 (full 1):
 PSYoungGen      total 75264K, used 8803K [0x000000076c380000, 0x0000000775680000, 0x00000007c0000000)
  eden space 64512K, 0% used [0x000000076c380000,0x000000076c380000,0x0000000770280000)
  from space 10752K, 81% used [0x0000000770280000,0x0000000770b18c28,0x0000000770d00000)
  to   space 10752K, 0% used [0x0000000774c00000,0x0000000774c00000,0x0000000775680000)
 ParOldGen       total 172032K, used 32K [0x00000006c4a00000, 0x00000006cf200000, 0x000000076c380000)
  object space 172032K, 0% used [0x00000006c4a00000,0x00000006c4a08000,0x00000006cf200000)
 Metaspace       used 20245K, capacity 21210K, committed 21296K, reserved 1067008K
  class space    used 2612K, capacity 2834K, committed 2864K, reserved 1048576K
Event: 7.253 GC heap after
Heap after GC invocations=4 (full 1):
 PSYoungGen      total 75264K, used 0K [0x000000076c380000, 0x0000000775680000, 0x00000007c0000000)
  eden space 64512K, 0% used [0x000000076c380000,0x000000076c380000,0x0000000770280000)
  from space 10752K, 0% used [0x0000000770280000,0x0000000770280000,0x0000000770d00000)
  to   space 10752K, 0% used [0x0000000774c00000,0x0000000774c00000,0x0000000775680000)
 ParOldGen       total 103424K, used 8516K [0x00000006c4a00000, 0x00000006caf00000, 0x000000076c380000)
  object space 103424K, 8% used [0x00000006c4a00000,0x00000006c5251008,0x00000006caf00000)
 Metaspace       used 20245K, capacity 21210K, committed 21296K, reserved 1067008K
  class space    used 2612K, capacity 2834K, committed 2864K, reserved 1048576K
}

