# JRE version: Java(TM) SE Runtime Environment (8.0_77-b03) (build 1.8.0_77-b03)
# Java VM: Java HotSpot(TM) 64-Bit Server VM (25.77-b03 mixed mode windows-amd64 compressed oops)
Heap:
 PSYoungGen      total 243200K, used 188749K [0x000000076c380000, 0x000000077d980000, 0x00000007c0000000)
  eden space 217088K, 74% used [0x000000076c380000,0x00000007762555a8,0x0000000779780000)
  from space 26112K, 99% used [0x000000077b780000,0x000000077d0fdfc0,0x000000077d100000)
  to   space 8704K, 0% used [0x000000077d100000,0x000000077d100000,0x000000077d980000)
 ParOldGen       total 149504K, used 42267K [0x00000006c4a00000, 0x00000006cdc00000, 0x000000076c380000)
  object space 149504K, 28% used [0x00000006c4a00000,0x00000006c7346c00,0x00000006cdc00000)
 Metaspace       used 31261K, capacity 32146K, committed 32384K, reserved 1077248K
  class space    used 3575K, capacity 3860K, committed 3968K, reserved 1048576K
GC Heap History (10 events):
Event: 5.832 GC heap before
{Heap before GC invocations=4 (full 0):
 PSYoungGen      total 75264K, used 75248K [0x000000076c380000, 0x0000000775680000, 0x00000007c0000000)
  eden space 64512K, 100% used [0x000000076c380000,0x0000000770280000,0x0000000770280000)
  from space 10752K, 99% used [0x0000000770280000,0x0000000770cfc030,0x0000000770d00000)
  to   space 10752K, 0% used [0x0000000774c00000,0x0000000774c00000,0x0000000775680000)
 ParOldGen       total 172032K, used 8435K [0x00000006c4a00000, 0x00000006cf200000, 0x000000076c380000)
  object space 172032K, 4% used [0x00000006c4a00000,0x00000006c523ce50,0x00000006cf200000)
 Metaspace       used 16104K, capacity 16356K, committed 16640K, reserved 1064960K
  class space    used 1849K, capacity 1950K, committed 2048K, reserved 1048576K
Event: 5.865 GC heap after
Heap after GC invocations=4 (full 0):
 PSYoungGen      total 139776K, used 10720K [0x000000076c380000, 0x0000000775680000, 0x00000007c0000000)
  eden space 129024K, 0% used [0x000000076c380000,0x000000076c380000,0x0000000774180000)
  from space 10752K, 99% used [0x0000000774c00000,0x0000000775678040,0x0000000775680000)
  to   space 10752K, 0% used [0x0000000774180000,0x0000000774180000,0x0000000774c00000)
 ParOldGen       total 172032K, used 17102K [0x00000006c4a00000, 0x00000006cf200000, 0x000000076c380000)
  object space 172032K, 9% used [0x00000006c4a00000,0x00000006c5ab3970,0x00000006cf200000)
 Metaspace       used 16104K, capacity 16356K, committed 16640K, reserved 1064960K
  class space    used 1849K, capacity 1950K, committed 2048K, reserved 1048576K
}
Event: 7.896 GC heap before
{Heap before GC invocations=5 (full 0):
 PSYoungGen      total 139776K, used 82565K [0x000000076c380000, 0x0000000775680000, 0x00000007c0000000)
  eden space 129024K, 55% used [0x000000076c380000,0x00000007709a9678,0x0000000774180000)
  from space 10752K, 99% used [0x0000000774c00000,0x0000000775678040,0x0000000775680000)
  to   space 10752K, 0% used [0x0000000774180000,0x0000000774180000,0x0000000774c00000)
 ParOldGen       total 172032K, used 17102K [0x00000006c4a00000, 0x00000006cf200000, 0x000000076c380000)
  object space 172032K, 9% used [0x00000006c4a00000,0x00000006c5ab3970,0x00000006cf200000)
 Metaspace       used 20576K, capacity 21062K, committed 21296K, reserved 1069056K
  class space    used 2418K, capacity 2561K, committed 2688K, reserved 1048576K
Event: 7.924 GC heap after
Heap after GC invocations=5 (full 0):
 PSYoungGen      total 139776K, used 10720K [0x000000076c380000, 0x000000077ea80000, 0x00000007c0000000)
  eden space 129024K, 0% used [0x000000076c380000,0x000000076c380000,0x0000000774180000)
  from space 10752K, 99% used [0x0000000774180000,0x0000000774bf8020,0x0000000774c00000)
  to   space 22016K, 0% used [0x000000077d500000,0x000000077d500000,0x000000077ea80000)
 ParOldGen       total 172032K, used 22642K [0x00000006c4a00000, 0x00000006cf200000, 0x000000076c380000)
  object space 172032K, 13% used [0x00000006c4a00000,0x00000006c601c8b0,0x00000006cf200000)
 Metaspace       used 20576K, capacity 21062K, committed 21296K, reserved 1069056K
  class space    used 2418K, capacity 2561K, committed 2688K, reserved 1048576K
}
Event: 7.924 GC heap before
{Heap before GC invocations=6 (full 1):
 PSYoungGen      total 139776K, used 10720K [0x000000076c380000, 0x000000077ea80000, 0x00000007c0000000)
  eden space 129024K, 0% used [0x000000076c380000,0x000000076c380000,0x0000000774180000)
  from space 10752K, 99% used [0x0000000774180000,0x0000000774bf8020,0x0000000774c00000)
  to   space 22016K, 0% used [0x000000077d500000,0x000000077d500000,0x000000077ea80000)
 ParOldGen       total 172032K, used 22642K [0x00000006c4a00000, 0x00000006cf200000, 0x000000076c380000)
  object space 172032K, 13% used [0x00000006c4a00000,0x00000006c601c8b0,0x00000006cf200000)
 Metaspace       used 20576K, capacity 21062K, committed 21296K, reserved 1069056K
  class space    used 2418K, capacity 2561K, committed 2688K, reserved 1048576K
Event: 8.253 GC heap after
Heap after GC invocations=6 (full 1):
 PSYoungGen      total 139776K, used 0K [0x000000076c380000, 0x000000077ea80000, 0x00000007c0000000)
  eden space 129024K, 0% used [0x000000076c380000,0x000000076c380000,0x0000000774180000)
  from space 10752K, 0% used [0x0000000774180000,0x0000000774180000,0x0000000774c00000)
  to   space 22016K, 0% used [0x000000077d500000,0x000000077d500000,0x000000077ea80000)
 ParOldGen       total 149504K, used 31339K [0x00000006c4a00000, 0x00000006cdc00000, 0x000000076c380000)
  object space 149504K, 20% used [0x00000006c4a00000,0x00000006c689af48,0x00000006cdc00000)
 Metaspace       used 20576K, capacity 21062K, committed 21296K, reserved 1069056K
  class space    used 2418K, capacity 2561K, committed 2688K, reserved 1048576K
}
Event: 10.385 GC heap before
{Heap before GC invocations=7 (full 1):
 PSYoungGen      total 139776K, used 129024K [0x000000076c380000, 0x000000077ea80000, 0x00000007c0000000)
  eden space 129024K, 100% used [0x000000076c380000,0x0000000774180000,0x0000000774180000)
  from space 10752K, 0% used [0x0000000774180000,0x0000000774180000,0x0000000774c00000)
  to   space 22016K, 0% used [0x000000077d500000,0x000000077d500000,0x000000077ea80000)
 ParOldGen       total 149504K, used 31339K [0x00000006c4a00000, 0x00000006cdc00000, 0x000000076c380000)
  object space 149504K, 20% used [0x00000006c4a00000,0x00000006c689af48,0x00000006cdc00000)
 Metaspace       used 24077K, capacity 24646K, committed 24832K, reserved 1071104K
  class space    used 2752K, capacity 2945K, committed 3072K, reserved 1048576K
Event: 10.416 GC heap after
Heap after GC invocations=7 (full 1):
 PSYoungGen      total 193024K, used 21987K [0x000000076c380000, 0x000000077ea80000, 0x00000007c0000000)
  eden space 171008K, 0% used [0x000000076c380000,0x000000076c380000,0x0000000776a80000)
  from space 22016K, 99% used [0x000000077d500000,0x000000077ea78e70,0x000000077ea80000)
  to   space 26112K, 0% used [0x000000077b780000,0x000000077b780000,0x000000077d100000)
 ParOldGen       total 149504K, used 33853K [0x00000006c4a00000, 0x00000006cdc00000, 0x000000076c380000)
  object space 149504K, 22% used [0x00000006c4a00000,0x00000006c6b0f7b0,0x00000006cdc00000)
 Metaspace       used 24077K, capacity 24646K, committed 24832K, reserved 1071104K
  class space    used 2752K, capacity 2945K, committed 3072K, reserved 1048576K
}
Event: 53.534 GC heap before
{Heap before GC invocations=8 (full 1):
 PSYoungGen      total 193024K, used 192995K [0x000000076c380000, 0x000000077ea80000, 0x00000007c0000000)
  eden space 171008K, 100% used [0x000000076c380000,0x0000000776a80000,0x0000000776a80000)
  from space 22016K, 99% used [0x000000077d500000,0x000000077ea78e70,0x000000077ea80000)
  to   space 26112K, 0% used [0x000000077b780000,0x000000077b780000,0x000000077d100000)
 ParOldGen       total 149504K, used 33853K [0x00000006c4a00000, 0x00000006cdc00000, 0x000000076c380000)
  object space 149504K, 22% used [0x00000006c4a00000,0x00000006c6b0f7b0,0x00000006cdc00000)
 Metaspace       used 26990K, capacity 27730K, committed 27776K, reserved 1073152K
  class space    used 2986K, capacity 3176K, committed 3200K, reserved 1048576K
Event: 53.595 GC heap after
Heap after GC invocations=8 (full 1):
 PSYoungGen      total 243200K, used 26103K [0x000000076c380000, 0x000000077d980000, 0x00000007c0000000)
  eden space 217088K, 0% used [0x000000076c380000,0x000000076c380000,0x0000000779780000)
  from space 26112K, 99% used [0x000000077b780000,0x000000077d0fdfc0,0x000000077d100000)
  to   space 8704K, 0% used [0x000000077d100000,0x000000077d100000,0x000000077d980000)
 ParOldGen       total 149504K, used 42267K [0x00000006c4a00000, 0x00000006cdc00000, 0x000000076c380000)
  object space 149504K, 28% used [0x00000006c4a00000,0x00000006c7346c00,0x00000006cdc00000)
 Metaspace       used 26990K, capacity 27730K, committed 27776K, reserved 1073152K
  class space    used 2986K, capacity 3176K, committed 3200K, reserved 1048576K
}

