# JRE version: Java(TM) SE Runtime Environment (8.0_77-b03) (build 1.8.0_77-b03)
# Java VM: Java HotSpot(TM) 64-Bit Server VM (25.77-b03 mixed mode windows-amd64 compressed oops)
Heap:
 PSYoungGen      total 199680K, used 92718K [0x000000076c380000, 0x000000077e080000, 0x00000007c0000000)
  eden space 183296K, 50% used [0x000000076c380000,0x0000000771e0b830,0x0000000777680000)
  from space 16384K, 0% used [0x0000000777680000,0x0000000777680000,0x0000000778680000)
  to   space 16896K, 0% used [0x000000077d000000,0x000000077d000000,0x000000077e080000)
 ParOldGen       total 204800K, used 26948K [0x00000006c4a00000, 0x00000006d1200000, 0x000000076c380000)
  object space 204800K, 13% used [0x00000006c4a00000,0x00000006c6451040,0x00000006d1200000)
 Metaspace       used 61877K, capacity 64406K, committed 64680K, reserved 1105920K
  class space    used 8554K, capacity 9018K, committed 9136K, reserved 1048576K
GC Heap History (10 events):
Event: 12.893 GC heap before
{Heap before GC invocations=10 (full 2):
 PSYoungGen      total 101376K, used 91136K [0x000000076c380000, 0x0000000776a00000, 0x00000007c0000000)
  eden space 91136K, 100% used [0x000000076c380000,0x0000000771c80000,0x0000000771c80000)
  from space 10240K, 0% used [0x0000000771c80000,0x0000000771c80000,0x0000000772680000)
  to   space 11776K, 0% used [0x0000000775e80000,0x0000000775e80000,0x0000000776a00000)
 ParOldGen       total 157696K, used 16698K [0x00000006c4a00000, 0x00000006ce400000, 0x000000076c380000)
  object space 157696K, 10% used [0x00000006c4a00000,0x00000006c5a4e8a0,0x00000006ce400000)
 Metaspace       used 37040K, capacity 38880K, committed 39208K, reserved 1083392K
  class space    used 4949K, capacity 5317K, committed 5424K, reserved 1048576K
Event: 12.904 GC heap after
Heap after GC invocations=10 (full 2):
 PSYoungGen      total 148480K, used 6271K [0x000000076c380000, 0x0000000776500000, 0x00000007c0000000)
  eden space 141824K, 0% used [0x000000076c380000,0x000000076c380000,0x0000000774e00000)
  from space 6656K, 94% used [0x0000000775e80000,0x000000077649ffa0,0x0000000776500000)
  to   space 11776K, 0% used [0x0000000774e00000,0x0000000774e00000,0x0000000775980000)
 ParOldGen       total 157696K, used 16706K [0x00000006c4a00000, 0x00000006ce400000, 0x000000076c380000)
  object space 157696K, 10% used [0x00000006c4a00000,0x00000006c5a508a0,0x00000006ce400000)
 Metaspace       used 37040K, capacity 38880K, committed 39208K, reserved 1083392K
  class space    used 4949K, capacity 5317K, committed 5424K, reserved 1048576K
}
Event: 16.091 GC heap before
{Heap before GC invocations=11 (full 2):
 PSYoungGen      total 148480K, used 148095K [0x000000076c380000, 0x0000000776500000, 0x00000007c0000000)
  eden space 141824K, 100% used [0x000000076c380000,0x0000000774e00000,0x0000000774e00000)
  from space 6656K, 94% used [0x0000000775e80000,0x000000077649ffa0,0x0000000776500000)
  to   space 11776K, 0% used [0x0000000774e00000,0x0000000774e00000,0x0000000775980000)
 ParOldGen       total 157696K, used 16706K [0x00000006c4a00000, 0x00000006ce400000, 0x000000076c380000)
  object space 157696K, 10% used [0x00000006c4a00000,0x00000006c5a508a0,0x00000006ce400000)
 Metaspace       used 42764K, capacity 44918K, committed 45096K, reserved 1087488K
  class space    used 5744K, capacity 6158K, committed 6192K, reserved 1048576K
Event: 16.120 GC heap after
Heap after GC invocations=11 (full 2):
 PSYoungGen      total 153600K, used 11180K [0x000000076c380000, 0x0000000779380000, 0x00000007c0000000)
  eden space 141824K, 0% used [0x000000076c380000,0x000000076c380000,0x0000000774e00000)
  from space 11776K, 94% used [0x0000000774e00000,0x00000007758eb070,0x0000000775980000)
  to   space 12800K, 0% used [0x0000000778700000,0x0000000778700000,0x0000000779380000)
 ParOldGen       total 157696K, used 16714K [0x00000006c4a00000, 0x00000006ce400000, 0x000000076c380000)
  object space 157696K, 10% used [0x00000006c4a00000,0x00000006c5a528a0,0x00000006ce400000)
 Metaspace       used 42764K, capacity 44918K, committed 45096K, reserved 1087488K
  class space    used 5744K, capacity 6158K, committed 6192K, reserved 1048576K
}
Event: 21.268 GC heap before
{Heap before GC invocations=12 (full 2):
 PSYoungGen      total 153600K, used 153004K [0x000000076c380000, 0x0000000779380000, 0x00000007c0000000)
  eden space 141824K, 100% used [0x000000076c380000,0x0000000774e00000,0x0000000774e00000)
  from space 11776K, 94% used [0x0000000774e00000,0x00000007758eb070,0x0000000775980000)
  to   space 12800K, 0% used [0x0000000778700000,0x0000000778700000,0x0000000779380000)
 ParOldGen       total 157696K, used 16714K [0x00000006c4a00000, 0x00000006ce400000, 0x000000076c380000)
  object space 157696K, 10% used [0x00000006c4a00000,0x00000006c5a528a0,0x00000006ce400000)
 Metaspace       used 53728K, capacity 55998K, committed 56104K, reserved 1097728K
  class space    used 7293K, capacity 7718K, committed 7728K, reserved 1048576K
Event: 21.291 GC heap after
Heap after GC invocations=12 (full 2):
 PSYoungGen      total 196096K, used 12794K [0x000000076c380000, 0x0000000779680000, 0x00000007c0000000)
  eden space 183296K, 0% used [0x000000076c380000,0x000000076c380000,0x0000000777680000)
  from space 12800K, 99% used [0x0000000778700000,0x000000077937ea90,0x0000000779380000)
  to   space 16384K, 0% used [0x0000000777680000,0x0000000777680000,0x0000000778680000)
 ParOldGen       total 157696K, used 23069K [0x00000006c4a00000, 0x00000006ce400000, 0x000000076c380000)
  object space 157696K, 14% used [0x00000006c4a00000,0x00000006c60874f8,0x00000006ce400000)
 Metaspace       used 53728K, capacity 55998K, committed 56104K, reserved 1097728K
  class space    used 7293K, capacity 7718K, committed 7728K, reserved 1048576K
}
Event: 21.985 GC heap before
{Heap before GC invocations=13 (full 2):
 PSYoungGen      total 196096K, used 45953K [0x000000076c380000, 0x0000000779680000, 0x00000007c0000000)
  eden space 183296K, 18% used [0x000000076c380000,0x000000076e3e1b50,0x0000000777680000)
  from space 12800K, 99% used [0x0000000778700000,0x000000077937ea90,0x0000000779380000)
  to   space 16384K, 0% used [0x0000000777680000,0x0000000777680000,0x0000000778680000)
 ParOldGen       total 157696K, used 23069K [0x00000006c4a00000, 0x00000006ce400000, 0x000000076c380000)
  object space 157696K, 14% used [0x00000006c4a00000,0x00000006c60874f8,0x00000006ce400000)
 Metaspace       used 56633K, capacity 58978K, committed 59160K, reserved 1099776K
  class space    used 7679K, capacity 8088K, committed 8112K, reserved 1048576K
Event: 22.035 GC heap after
Heap after GC invocations=13 (full 2):
 PSYoungGen      total 199680K, used 12601K [0x000000076c380000, 0x000000077e080000, 0x00000007c0000000)
  eden space 183296K, 0% used [0x000000076c380000,0x000000076c380000,0x0000000777680000)
  from space 16384K, 76% used [0x0000000777680000,0x00000007782ce468,0x0000000778680000)
  to   space 16896K, 0% used [0x000000077d000000,0x000000077d000000,0x000000077e080000)
 ParOldGen       total 157696K, used 25069K [0x00000006c4a00000, 0x00000006ce400000, 0x000000076c380000)
  object space 157696K, 15% used [0x00000006c4a00000,0x00000006c627b4f8,0x00000006ce400000)
 Metaspace       used 56633K, capacity 58978K, committed 59160K, reserved 1099776K
  class space    used 7679K, capacity 8088K, committed 8112K, reserved 1048576K
}
Event: 22.035 GC heap before
{Heap before GC invocations=14 (full 3):
 PSYoungGen      total 199680K, used 12601K [0x000000076c380000, 0x000000077e080000, 0x00000007c0000000)
  eden space 183296K, 0% used [0x000000076c380000,0x000000076c380000,0x0000000777680000)
  from space 16384K, 76% used [0x0000000777680000,0x00000007782ce468,0x0000000778680000)
  to   space 16896K, 0% used [0x000000077d000000,0x000000077d000000,0x000000077e080000)
 ParOldGen       total 157696K, used 25069K [0x00000006c4a00000, 0x00000006ce400000, 0x000000076c380000)
  object space 157696K, 15% used [0x00000006c4a00000,0x00000006c627b4f8,0x00000006ce400000)
 Metaspace       used 56633K, capacity 58978K, committed 59160K, reserved 1099776K
  class space    used 7679K, capacity 8088K, committed 8112K, reserved 1048576K
Event: 22.357 GC heap after
Heap after GC invocations=14 (full 3):
 PSYoungGen      total 199680K, used 0K [0x000000076c380000, 0x000000077e080000, 0x00000007c0000000)
  eden space 183296K, 0% used [0x000000076c380000,0x000000076c380000,0x0000000777680000)
  from space 16384K, 0% used [0x0000000777680000,0x0000000777680000,0x0000000778680000)
  to   space 16896K, 0% used [0x000000077d000000,0x000000077d000000,0x000000077e080000)
 ParOldGen       total 204800K, used 26948K [0x00000006c4a00000, 0x00000006d1200000, 0x000000076c380000)
  object space 204800K, 13% used [0x00000006c4a00000,0x00000006c6451040,0x00000006d1200000)
 Metaspace       used 56633K, capacity 58978K, committed 59160K, reserved 1099776K
  class space    used 7679K, capacity 8088K, committed 8112K, reserved 1048576K
}

