# JRE version: Java(TM) SE Runtime Environment (8.0_77-b03) (build 1.8.0_77-b03)
# Java VM: Java HotSpot(TM) 64-Bit Server VM (25.77-b03 mixed mode windows-amd64 compressed oops)
Heap:
 PSYoungGen      total 275456K, used 93607K [0x000000076c380000, 0x0000000780300000, 0x00000007c0000000)
  eden space 248832K, 26% used [0x000000076c380000,0x00000007704f0f78,0x000000077b680000)
  from space 26624K, 99% used [0x000000077b680000,0x000000077d078cb0,0x000000077d080000)
  to   space 34304K, 0% used [0x000000077e180000,0x000000077e180000,0x0000000780300000)
 ParOldGen       total 140800K, used 43330K [0x00000006c4a00000, 0x00000006cd380000, 0x000000076c380000)
  object space 140800K, 30% used [0x00000006c4a00000,0x00000006c7450bc8,0x00000006cd380000)
 Metaspace       used 28553K, capacity 29332K, committed 29568K, reserved 1075200K
  class space    used 3208K, capacity 3413K, committed 3456K, reserved 1048576K
GC Heap History (10 events):
Event: 4.976 GC heap before
{Heap before GC invocations=4 (full 0):
 PSYoungGen      total 75264K, used 75248K [0x000000076c380000, 0x0000000775680000, 0x00000007c0000000)
  eden space 64512K, 100% used [0x000000076c380000,0x0000000770280000,0x0000000770280000)
  from space 10752K, 99% used [0x0000000770280000,0x0000000770cfc010,0x0000000770d00000)
  to   space 10752K, 0% used [0x0000000774c00000,0x0000000774c00000,0x0000000775680000)
 ParOldGen       total 172032K, used 9675K [0x00000006c4a00000, 0x00000006cf200000, 0x000000076c380000)
  object space 172032K, 5% used [0x00000006c4a00000,0x00000006c5372e08,0x00000006cf200000)
 Metaspace       used 16190K, capacity 16452K, committed 16640K, reserved 1064960K
  class space    used 1859K, capacity 1982K, committed 2048K, reserved 1048576K
Event: 5.044 GC heap after
Heap after GC invocations=4 (full 0):
 PSYoungGen      total 139776K, used 10720K [0x000000076c380000, 0x0000000775680000, 0x00000007c0000000)
  eden space 129024K, 0% used [0x000000076c380000,0x000000076c380000,0x0000000774180000)
  from space 10752K, 99% used [0x0000000774c00000,0x0000000775678020,0x0000000775680000)
  to   space 10752K, 0% used [0x0000000774180000,0x0000000774180000,0x0000000774c00000)
 ParOldGen       total 172032K, used 18172K [0x00000006c4a00000, 0x00000006cf200000, 0x000000076c380000)
  object space 172032K, 10% used [0x00000006c4a00000,0x00000006c5bbf0d8,0x00000006cf200000)
 Metaspace       used 16190K, capacity 16452K, committed 16640K, reserved 1064960K
  class space    used 1859K, capacity 1982K, committed 2048K, reserved 1048576K
}
Event: 7.065 GC heap before
{Heap before GC invocations=5 (full 0):
 PSYoungGen      total 139776K, used 80436K [0x000000076c380000, 0x0000000775680000, 0x00000007c0000000)
  eden space 129024K, 54% used [0x000000076c380000,0x0000000770795308,0x0000000774180000)
  from space 10752K, 99% used [0x0000000774c00000,0x0000000775678020,0x0000000775680000)
  to   space 10752K, 0% used [0x0000000774180000,0x0000000774180000,0x0000000774c00000)
 ParOldGen       total 172032K, used 18172K [0x00000006c4a00000, 0x00000006cf200000, 0x000000076c380000)
  object space 172032K, 10% used [0x00000006c4a00000,0x00000006c5bbf0d8,0x00000006cf200000)
 Metaspace       used 20551K, capacity 21062K, committed 21296K, reserved 1069056K
  class space    used 2417K, capacity 2561K, committed 2688K, reserved 1048576K
Event: 7.109 GC heap after
Heap after GC invocations=5 (full 0):
 PSYoungGen      total 139776K, used 10736K [0x000000076c380000, 0x000000077ea80000, 0x00000007c0000000)
  eden space 129024K, 0% used [0x000000076c380000,0x000000076c380000,0x0000000774180000)
  from space 10752K, 99% used [0x0000000774180000,0x0000000774bfc030,0x0000000774c00000)
  to   space 22016K, 0% used [0x000000077d500000,0x000000077d500000,0x000000077ea80000)
 ParOldGen       total 172032K, used 23642K [0x00000006c4a00000, 0x00000006cf200000, 0x000000076c380000)
  object space 172032K, 13% used [0x00000006c4a00000,0x00000006c6116a20,0x00000006cf200000)
 Metaspace       used 20551K, capacity 21062K, committed 21296K, reserved 1069056K
  class space    used 2417K, capacity 2561K, committed 2688K, reserved 1048576K
}
Event: 7.109 GC heap before
{Heap before GC invocations=6 (full 1):
 PSYoungGen      total 139776K, used 10736K [0x000000076c380000, 0x000000077ea80000, 0x00000007c0000000)
  eden space 129024K, 0% used [0x000000076c380000,0x000000076c380000,0x0000000774180000)
  from space 10752K, 99% used [0x0000000774180000,0x0000000774bfc030,0x0000000774c00000)
  to   space 22016K, 0% used [0x000000077d500000,0x000000077d500000,0x000000077ea80000)
 ParOldGen       total 172032K, used 23642K [0x00000006c4a00000, 0x00000006cf200000, 0x000000076c380000)
  object space 172032K, 13% used [0x00000006c4a00000,0x00000006c6116a20,0x00000006cf200000)
 Metaspace       used 20551K, capacity 21062K, committed 21296K, reserved 1069056K
  class space    used 2417K, capacity 2561K, committed 2688K, reserved 1048576K
Event: 7.326 GC heap after
Heap after GC invocations=6 (full 1):
 PSYoungGen      total 139776K, used 0K [0x000000076c380000, 0x000000077ea80000, 0x00000007c0000000)
  eden space 129024K, 0% used [0x000000076c380000,0x000000076c380000,0x0000000774180000)
  from space 10752K, 0% used [0x0000000774180000,0x0000000774180000,0x0000000774c00000)
  to   space 22016K, 0% used [0x000000077d500000,0x000000077d500000,0x000000077ea80000)
 ParOldGen       total 140800K, used 31336K [0x00000006c4a00000, 0x00000006cd380000, 0x000000076c380000)
  object space 140800K, 22% used [0x00000006c4a00000,0x00000006c689a2e8,0x00000006cd380000)
 Metaspace       used 20551K, capacity 21062K, committed 21296K, reserved 1069056K
  class space    used 2417K, capacity 2561K, committed 2688K, reserved 1048576K
}
Event: 9.523 GC heap before
{Heap before GC invocations=7 (full 1):
 PSYoungGen      total 139776K, used 129024K [0x000000076c380000, 0x000000077ea80000, 0x00000007c0000000)
  eden space 129024K, 100% used [0x000000076c380000,0x0000000774180000,0x0000000774180000)
  from space 10752K, 0% used [0x0000000774180000,0x0000000774180000,0x0000000774c00000)
  to   space 22016K, 0% used [0x000000077d500000,0x000000077d500000,0x000000077ea80000)
 ParOldGen       total 140800K, used 31336K [0x00000006c4a00000, 0x00000006cd380000, 0x000000076c380000)
  object space 140800K, 22% used [0x00000006c4a00000,0x00000006c689a2e8,0x00000006cd380000)
 Metaspace       used 23953K, capacity 24550K, committed 24704K, reserved 1071104K
  class space    used 2745K, capacity 2913K, committed 2944K, reserved 1048576K
Event: 9.554 GC heap after
Heap after GC invocations=7 (full 1):
 PSYoungGen      total 208896K, used 21984K [0x000000076c380000, 0x000000077ea80000, 0x00000007c0000000)
  eden space 186880K, 0% used [0x000000076c380000,0x000000076c380000,0x0000000777a00000)
  from space 22016K, 99% used [0x000000077d500000,0x000000077ea78350,0x000000077ea80000)
  to   space 26624K, 0% used [0x000000077b680000,0x000000077b680000,0x000000077d080000)
 ParOldGen       total 140800K, used 34470K [0x00000006c4a00000, 0x00000006cd380000, 0x000000076c380000)
  object space 140800K, 24% used [0x00000006c4a00000,0x00000006c6ba9b50,0x00000006cd380000)
 Metaspace       used 23953K, capacity 24550K, committed 24704K, reserved 1071104K
  class space    used 2745K, capacity 2913K, committed 2944K, reserved 1048576K
}
Event: 49.980 GC heap before
{Heap before GC invocations=8 (full 1):
 PSYoungGen      total 208896K, used 208864K [0x000000076c380000, 0x000000077ea80000, 0x00000007c0000000)
  eden space 186880K, 100% used [0x000000076c380000,0x0000000777a00000,0x0000000777a00000)
  from space 22016K, 99% used [0x000000077d500000,0x000000077ea78350,0x000000077ea80000)
  to   space 26624K, 0% used [0x000000077b680000,0x000000077b680000,0x000000077d080000)
 ParOldGen       total 140800K, used 34470K [0x00000006c4a00000, 0x00000006cd380000, 0x000000076c380000)
  object space 140800K, 24% used [0x00000006c4a00000,0x00000006c6ba9b50,0x00000006cd380000)
 Metaspace       used 27081K, capacity 27830K, committed 28160K, reserved 1075200K
  class space    used 2999K, capacity 3212K, committed 3328K, reserved 1048576K
Event: 50.061 GC heap after
Heap after GC invocations=8 (full 1):
 PSYoungGen      total 275456K, used 26595K [0x000000076c380000, 0x0000000780300000, 0x00000007c0000000)
  eden space 248832K, 0% used [0x000000076c380000,0x000000076c380000,0x000000077b680000)
  from space 26624K, 99% used [0x000000077b680000,0x000000077d078cb0,0x000000077d080000)
  to   space 34304K, 0% used [0x000000077e180000,0x000000077e180000,0x0000000780300000)
 ParOldGen       total 140800K, used 43330K [0x00000006c4a00000, 0x00000006cd380000, 0x000000076c380000)
  object space 140800K, 30% used [0x00000006c4a00000,0x00000006c7450bc8,0x00000006cd380000)
 Metaspace       used 27081K, capacity 27830K, committed 28160K, reserved 1075200K
  class space    used 2999K, capacity 3212K, committed 3328K, reserved 1048576K
}

