# JRE version: Java(TM) SE Runtime Environment (8.0_77-b03) (build 1.8.0_77-b03)
# Java VM: Java HotSpot(TM) 64-Bit Server VM (25.77-b03 mixed mode windows-amd64 compressed oops)
Heap:
 PSYoungGen      total 186368K, used 50428K [0x000000076c380000, 0x0000000779080000, 0x00000007c0000000)
  eden space 173568K, 21% used [0x000000076c380000,0x000000076e843b88,0x0000000776d00000)
  from space 12800K, 99% used [0x0000000777c80000,0x00000007788fb680,0x0000000778900000)
  to   space 15872K, 0% used [0x0000000776d00000,0x0000000776d00000,0x0000000777c80000)
 ParOldGen       total 164352K, used 22729K [0x00000006c4a00000, 0x00000006cea80000, 0x000000076c380000)
  object space 164352K, 13% used [0x00000006c4a00000,0x00000006c6032400,0x00000006cea80000)
 Metaspace       used 55802K, capacity 58140K, committed 58536K, reserved 1099776K
  class space    used 7580K, capacity 8017K, committed 8112K, reserved 1048576K
GC Heap History (10 events):
Event: 10.892 GC heap before
{Heap before GC invocations=8 (full 1):
 PSYoungGen      total 101376K, used 79416K [0x000000076c380000, 0x0000000773a80000, 0x00000007c0000000)
  eden space 91136K, 78% used [0x000000076c380000,0x00000007708fe420,0x0000000771c80000)
  from space 10240K, 80% used [0x0000000772680000,0x0000000772e8fbe0,0x0000000773080000)
  to   space 10240K, 0% used [0x0000000771c80000,0x0000000771c80000,0x0000000772680000)
 ParOldGen       total 108032K, used 8426K [0x00000006c4a00000, 0x00000006cb380000, 0x000000076c380000)
  object space 108032K, 7% used [0x00000006c4a00000,0x00000006c523a920,0x00000006cb380000)
 Metaspace       used 33832K, capacity 35458K, committed 35496K, reserved 1079296K
  class space    used 4402K, capacity 4750K, committed 4784K, reserved 1048576K
Event: 10.913 GC heap after
Heap after GC invocations=8 (full 1):
 PSYoungGen      total 101376K, used 10236K [0x000000076c380000, 0x0000000776880000, 0x00000007c0000000)
  eden space 91136K, 0% used [0x000000076c380000,0x000000076c380000,0x0000000771c80000)
  from space 10240K, 99% used [0x0000000771c80000,0x000000077267f378,0x0000000772680000)
  to   space 11776K, 0% used [0x0000000775d00000,0x0000000775d00000,0x0000000776880000)
 ParOldGen       total 108032K, used 10093K [0x00000006c4a00000, 0x00000006cb380000, 0x000000076c380000)
  object space 108032K, 9% used [0x00000006c4a00000,0x00000006c53db600,0x00000006cb380000)
 Metaspace       used 33832K, capacity 35458K, committed 35496K, reserved 1079296K
  class space    used 4402K, capacity 4750K, committed 4784K, reserved 1048576K
}
Event: 10.913 GC heap before
{Heap before GC invocations=9 (full 2):
 PSYoungGen      total 101376K, used 10236K [0x000000076c380000, 0x0000000776880000, 0x00000007c0000000)
  eden space 91136K, 0% used [0x000000076c380000,0x000000076c380000,0x0000000771c80000)
  from space 10240K, 99% used [0x0000000771c80000,0x000000077267f378,0x0000000772680000)
  to   space 11776K, 0% used [0x0000000775d00000,0x0000000775d00000,0x0000000776880000)
 ParOldGen       total 108032K, used 10093K [0x00000006c4a00000, 0x00000006cb380000, 0x000000076c380000)
  object space 108032K, 9% used [0x00000006c4a00000,0x00000006c53db600,0x00000006cb380000)
 Metaspace       used 33832K, capacity 35458K, committed 35496K, reserved 1079296K
  class space    used 4402K, capacity 4750K, committed 4784K, reserved 1048576K
Event: 11.020 GC heap after
Heap after GC invocations=9 (full 2):
 PSYoungGen      total 101376K, used 0K [0x000000076c380000, 0x0000000776880000, 0x00000007c0000000)
  eden space 91136K, 0% used [0x000000076c380000,0x000000076c380000,0x0000000771c80000)
  from space 10240K, 0% used [0x0000000771c80000,0x0000000771c80000,0x0000000772680000)
  to   space 11776K, 0% used [0x0000000775d00000,0x0000000775d00000,0x0000000776880000)
 ParOldGen       total 164352K, used 16689K [0x00000006c4a00000, 0x00000006cea80000, 0x000000076c380000)
  object space 164352K, 10% used [0x00000006c4a00000,0x00000006c5a4c738,0x00000006cea80000)
 Metaspace       used 33832K, capacity 35458K, committed 35496K, reserved 1079296K
  class space    used 4402K, capacity 4750K, committed 4784K, reserved 1048576K
}
Event: 12.469 GC heap before
{Heap before GC invocations=10 (full 2):
 PSYoungGen      total 101376K, used 91136K [0x000000076c380000, 0x0000000776880000, 0x00000007c0000000)
  eden space 91136K, 100% used [0x000000076c380000,0x0000000771c80000,0x0000000771c80000)
  from space 10240K, 0% used [0x0000000771c80000,0x0000000771c80000,0x0000000772680000)
  to   space 11776K, 0% used [0x0000000775d00000,0x0000000775d00000,0x0000000776880000)
 ParOldGen       total 164352K, used 16689K [0x00000006c4a00000, 0x00000006cea80000, 0x000000076c380000)
  object space 164352K, 10% used [0x00000006c4a00000,0x00000006c5a4c738,0x00000006cea80000)
 Metaspace       used 36988K, capacity 38800K, committed 38824K, reserved 1083392K
  class space    used 4940K, capacity 5285K, committed 5296K, reserved 1048576K
Event: 12.480 GC heap after
Heap after GC invocations=10 (full 2):
 PSYoungGen      total 142848K, used 6295K [0x000000076c380000, 0x0000000776380000, 0x00000007c0000000)
  eden space 136192K, 0% used [0x000000076c380000,0x000000076c380000,0x0000000774880000)
  from space 6656K, 94% used [0x0000000775d00000,0x0000000776325e80,0x0000000776380000)
  to   space 11776K, 0% used [0x0000000774c80000,0x0000000774c80000,0x0000000775800000)
 ParOldGen       total 164352K, used 16697K [0x00000006c4a00000, 0x00000006cea80000, 0x000000076c380000)
  object space 164352K, 10% used [0x00000006c4a00000,0x00000006c5a4e738,0x00000006cea80000)
 Metaspace       used 36988K, capacity 38800K, committed 38824K, reserved 1083392K
  class space    used 4940K, capacity 5285K, committed 5296K, reserved 1048576K
}
Event: 15.314 GC heap before
{Heap before GC invocations=11 (full 2):
 PSYoungGen      total 142848K, used 142487K [0x000000076c380000, 0x0000000776380000, 0x00000007c0000000)
  eden space 136192K, 100% used [0x000000076c380000,0x0000000774880000,0x0000000774880000)
  from space 6656K, 94% used [0x0000000775d00000,0x0000000776325e80,0x0000000776380000)
  to   space 11776K, 0% used [0x0000000774c80000,0x0000000774c80000,0x0000000775800000)
 ParOldGen       total 164352K, used 16697K [0x00000006c4a00000, 0x00000006cea80000, 0x000000076c380000)
  object space 164352K, 10% used [0x00000006c4a00000,0x00000006c5a4e738,0x00000006cea80000)
 Metaspace       used 42353K, capacity 44444K, committed 44584K, reserved 1087488K
  class space    used 5704K, capacity 6123K, committed 6192K, reserved 1048576K
Event: 15.351 GC heap after
Heap after GC invocations=11 (full 2):
 PSYoungGen      total 152064K, used 10927K [0x000000076c380000, 0x0000000778900000, 0x00000007c0000000)
  eden space 140288K, 0% used [0x000000076c380000,0x000000076c380000,0x0000000774c80000)
  from space 11776K, 92% used [0x0000000774c80000,0x000000077572bff8,0x0000000775800000)
  to   space 12800K, 0% used [0x0000000777c80000,0x0000000777c80000,0x0000000778900000)
 ParOldGen       total 164352K, used 16705K [0x00000006c4a00000, 0x00000006cea80000, 0x000000076c380000)
  object space 164352K, 10% used [0x00000006c4a00000,0x00000006c5a50738,0x00000006cea80000)
 Metaspace       used 42353K, capacity 44444K, committed 44584K, reserved 1087488K
  class space    used 5704K, capacity 6123K, committed 6192K, reserved 1048576K
}
Event: 21.007 GC heap before
{Heap before GC invocations=12 (full 2):
 PSYoungGen      total 152064K, used 151215K [0x000000076c380000, 0x0000000778900000, 0x00000007c0000000)
  eden space 140288K, 100% used [0x000000076c380000,0x0000000774c80000,0x0000000774c80000)
  from space 11776K, 92% used [0x0000000774c80000,0x000000077572bff8,0x0000000775800000)
  to   space 12800K, 0% used [0x0000000777c80000,0x0000000777c80000,0x0000000778900000)
 ParOldGen       total 164352K, used 16705K [0x00000006c4a00000, 0x00000006cea80000, 0x000000076c380000)
  object space 164352K, 10% used [0x00000006c4a00000,0x00000006c5a50738,0x00000006cea80000)
 Metaspace       used 53034K, capacity 55346K, committed 55592K, reserved 1097728K
  class space    used 7202K, capacity 7622K, committed 7728K, reserved 1048576K
Event: 21.032 GC heap after
Heap after GC invocations=12 (full 2):
 PSYoungGen      total 186368K, used 12781K [0x000000076c380000, 0x0000000779080000, 0x00000007c0000000)
  eden space 173568K, 0% used [0x000000076c380000,0x000000076c380000,0x0000000776d00000)
  from space 12800K, 99% used [0x0000000777c80000,0x00000007788fb680,0x0000000778900000)
  to   space 15872K, 0% used [0x0000000776d00000,0x0000000776d00000,0x0000000777c80000)
 ParOldGen       total 164352K, used 22729K [0x00000006c4a00000, 0x00000006cea80000, 0x000000076c380000)
  object space 164352K, 13% used [0x00000006c4a00000,0x00000006c6032400,0x00000006cea80000)
 Metaspace       used 53034K, capacity 55346K, committed 55592K, reserved 1097728K
  class space    used 7202K, capacity 7622K, committed 7728K, reserved 1048576K
}

