# JRE version: Java(TM) SE Runtime Environment (8.0_77-b03) (build 1.8.0_77-b03)
# Java VM: Java HotSpot(TM) 64-Bit Server VM (25.77-b03 mixed mode windows-amd64 compressed oops)
Heap:
 PSYoungGen      total 324608K, used 43803K [0x000000076c380000, 0x0000000782700000, 0x00000007c0000000)
  eden space 306176K, 8% used [0x000000076c380000,0x000000076dc4ad30,0x000000077ee80000)
  from space 18432K, 99% used [0x0000000780480000,0x000000078167c0a0,0x0000000781680000)
  to   space 22528K, 0% used [0x000000077ee80000,0x000000077ee80000,0x0000000780480000)
 ParOldGen       total 211968K, used 38150K [0x00000006c4a00000, 0x00000006d1900000, 0x000000076c380000)
  object space 211968K, 17% used [0x00000006c4a00000,0x00000006c6f41b00,0x00000006d1900000)
 Metaspace       used 73604K, capacity 77902K, committed 78104K, reserved 1116160K
  class space    used 10347K, capacity 11044K, committed 11056K, reserved 1048576K
GC Heap History (10 events):
Event: 22.629 GC heap before
{Heap before GC invocations=13 (full 2):
 PSYoungGen      total 201728K, used 102975K [0x000000076c380000, 0x0000000779800000, 0x00000007c0000000)
  eden space 189952K, 48% used [0x000000076c380000,0x0000000771c94a68,0x0000000777d00000)
  from space 11776K, 99% used [0x0000000778c80000,0x00000007797fb488,0x0000000779800000)
  to   space 13312K, 0% used [0x0000000777e00000,0x0000000777e00000,0x0000000778b00000)
 ParOldGen       total 151552K, used 18167K [0x00000006c4a00000, 0x00000006cde00000, 0x000000076c380000)
  object space 151552K, 11% used [0x00000006c4a00000,0x00000006c5bbdf28,0x00000006cde00000)
 Metaspace       used 56670K, capacity 58980K, committed 59160K, reserved 1099776K
  class space    used 7763K, capacity 8189K, committed 8240K, reserved 1048576K
Event: 22.689 GC heap after
Heap after GC invocations=13 (full 2):
 PSYoungGen      total 204288K, used 13292K [0x000000076c380000, 0x000000077e480000, 0x00000007c0000000)
  eden space 190976K, 0% used [0x000000076c380000,0x000000076c380000,0x0000000777e00000)
  from space 13312K, 99% used [0x0000000777e00000,0x0000000778afb308,0x0000000778b00000)
  to   space 17408K, 0% used [0x000000077d380000,0x000000077d380000,0x000000077e480000)
 ParOldGen       total 151552K, used 25077K [0x00000006c4a00000, 0x00000006cde00000, 0x000000076c380000)
  object space 151552K, 16% used [0x00000006c4a00000,0x00000006c627d630,0x00000006cde00000)
 Metaspace       used 56670K, capacity 58980K, committed 59160K, reserved 1099776K
  class space    used 7763K, capacity 8189K, committed 8240K, reserved 1048576K
}
Event: 22.689 GC heap before
{Heap before GC invocations=14 (full 3):
 PSYoungGen      total 204288K, used 13292K [0x000000076c380000, 0x000000077e480000, 0x00000007c0000000)
  eden space 190976K, 0% used [0x000000076c380000,0x000000076c380000,0x0000000777e00000)
  from space 13312K, 99% used [0x0000000777e00000,0x0000000778afb308,0x0000000778b00000)
  to   space 17408K, 0% used [0x000000077d380000,0x000000077d380000,0x000000077e480000)
 ParOldGen       total 151552K, used 25077K [0x00000006c4a00000, 0x00000006cde00000, 0x000000076c380000)
  object space 151552K, 16% used [0x00000006c4a00000,0x00000006c627d630,0x00000006cde00000)
 Metaspace       used 56670K, capacity 58980K, committed 59160K, reserved 1099776K
  class space    used 7763K, capacity 8189K, committed 8240K, reserved 1048576K
Event: 22.974 GC heap after
Heap after GC invocations=14 (full 3):
 PSYoungGen      total 204288K, used 0K [0x000000076c380000, 0x000000077e480000, 0x00000007c0000000)
  eden space 190976K, 0% used [0x000000076c380000,0x000000076c380000,0x0000000777e00000)
  from space 13312K, 0% used [0x0000000777e00000,0x0000000777e00000,0x0000000778b00000)
  to   space 17408K, 0% used [0x000000077d380000,0x000000077d380000,0x000000077e480000)
 ParOldGen       total 211968K, used 32759K [0x00000006c4a00000, 0x00000006d1900000, 0x000000076c380000)
  object space 211968K, 15% used [0x00000006c4a00000,0x00000006c69fdd70,0x00000006d1900000)
 Metaspace       used 56670K, capacity 58980K, committed 59160K, reserved 1099776K
  class space    used 7763K, capacity 8189K, committed 8240K, reserved 1048576K
}
Event: 25.981 GC heap before
{Heap before GC invocations=15 (full 3):
 PSYoungGen      total 204288K, used 190976K [0x000000076c380000, 0x000000077e480000, 0x00000007c0000000)
  eden space 190976K, 100% used [0x000000076c380000,0x0000000777e00000,0x0000000777e00000)
  from space 13312K, 0% used [0x0000000777e00000,0x0000000777e00000,0x0000000778b00000)
  to   space 17408K, 0% used [0x000000077d380000,0x000000077d380000,0x000000077e480000)
 ParOldGen       total 211968K, used 32759K [0x00000006c4a00000, 0x00000006d1900000, 0x000000076c380000)
  object space 211968K, 15% used [0x00000006c4a00000,0x00000006c69fdd70,0x00000006d1900000)
 Metaspace       used 65574K, capacity 68852K, committed 69016K, reserved 1107968K
  class space    used 9059K, capacity 9621K, committed 9648K, reserved 1048576K
Event: 26.018 GC heap after
Heap after GC invocations=15 (full 3):
 PSYoungGen      total 258560K, used 12377K [0x000000076c380000, 0x000000077e000000, 0x00000007c0000000)
  eden space 245760K, 0% used [0x000000076c380000,0x000000076c380000,0x000000077b380000)
  from space 12800K, 96% used [0x000000077d380000,0x000000077df96638,0x000000077e000000)
  to   space 17408K, 0% used [0x000000077be00000,0x000000077be00000,0x000000077cf00000)
 ParOldGen       total 211968K, used 32767K [0x00000006c4a00000, 0x00000006d1900000, 0x000000076c380000)
  object space 211968K, 15% used [0x00000006c4a00000,0x00000006c69ffd70,0x00000006d1900000)
 Metaspace       used 65574K, capacity 68852K, committed 69016K, reserved 1107968K
  class space    used 9059K, capacity 9621K, committed 9648K, reserved 1048576K
}
Event: 30.565 GC heap before
{Heap before GC invocations=16 (full 3):
 PSYoungGen      total 258560K, used 258137K [0x000000076c380000, 0x000000077e000000, 0x00000007c0000000)
  eden space 245760K, 100% used [0x000000076c380000,0x000000077b380000,0x000000077b380000)
  from space 12800K, 96% used [0x000000077d380000,0x000000077df96638,0x000000077e000000)
  to   space 17408K, 0% used [0x000000077be00000,0x000000077be00000,0x000000077cf00000)
 ParOldGen       total 211968K, used 32767K [0x00000006c4a00000, 0x00000006d1900000, 0x000000076c380000)
  object space 211968K, 15% used [0x00000006c4a00000,0x00000006c69ffd70,0x00000006d1900000)
 Metaspace       used 68897K, capacity 72878K, committed 72984K, reserved 1112064K
  class space    used 9592K, capacity 10248K, committed 10288K, reserved 1048576K
Event: 30.595 GC heap after
Heap after GC invocations=16 (full 3):
 PSYoungGen      total 273920K, used 15523K [0x000000076c380000, 0x0000000781680000, 0x00000007c0000000)
  eden space 256512K, 0% used [0x000000076c380000,0x000000076c380000,0x000000077be00000)
  from space 17408K, 89% used [0x000000077be00000,0x000000077cd28f80,0x000000077cf00000)
  to   space 18432K, 0% used [0x0000000780480000,0x0000000780480000,0x0000000781680000)
 ParOldGen       total 211968K, used 32775K [0x00000006c4a00000, 0x00000006d1900000, 0x000000076c380000)
  object space 211968K, 15% used [0x00000006c4a00000,0x00000006c6a01d70,0x00000006d1900000)
 Metaspace       used 68897K, capacity 72878K, committed 72984K, reserved 1112064K
  class space    used 9592K, capacity 10248K, committed 10288K, reserved 1048576K
}
Event: 37.704 GC heap before
{Heap before GC invocations=17 (full 3):
 PSYoungGen      total 273920K, used 272035K [0x000000076c380000, 0x0000000781680000, 0x00000007c0000000)
  eden space 256512K, 100% used [0x000000076c380000,0x000000077be00000,0x000000077be00000)
  from space 17408K, 89% used [0x000000077be00000,0x000000077cd28f80,0x000000077cf00000)
  to   space 18432K, 0% used [0x0000000780480000,0x0000000780480000,0x0000000781680000)
 ParOldGen       total 211968K, used 32775K [0x00000006c4a00000, 0x00000006d1900000, 0x000000076c380000)
  object space 211968K, 15% used [0x00000006c4a00000,0x00000006c6a01d70,0x00000006d1900000)
 Metaspace       used 73491K, capacity 77772K, committed 77848K, reserved 1116160K
  class space    used 10324K, capacity 11007K, committed 11056K, reserved 1048576K
Event: 37.753 GC heap after
Heap after GC invocations=17 (full 3):
 PSYoungGen      total 324608K, used 18416K [0x000000076c380000, 0x0000000782700000, 0x00000007c0000000)
  eden space 306176K, 0% used [0x000000076c380000,0x000000076c380000,0x000000077ee80000)
  from space 18432K, 99% used [0x0000000780480000,0x000000078167c0a0,0x0000000781680000)
  to   space 22528K, 0% used [0x000000077ee80000,0x000000077ee80000,0x0000000780480000)
 ParOldGen       total 211968K, used 38150K [0x00000006c4a00000, 0x00000006d1900000, 0x000000076c380000)
  object space 211968K, 17% used [0x00000006c4a00000,0x00000006c6f41b00,0x00000006d1900000)
 Metaspace       used 73491K, capacity 77772K, committed 77848K, reserved 1116160K
  class space    used 10324K, capacity 11007K, committed 11056K, reserved 1048576K
}

