# JRE version: Java(TM) SE Runtime Environment (8.0_77-b03) (build 1.8.0_77-b03)
# Java VM: Java HotSpot(TM) 64-Bit Server VM (25.77-b03 mixed mode windows-amd64 compressed oops)
Heap:
 PSYoungGen      total 435712K, used 375026K [0x000000076c380000, 0x0000000787f80000, 0x00000007c0000000)
  eden space 417792K, 89% used [0x000000076c380000,0x00000007831bc870,0x0000000785b80000)
  from space 17920K, 0% used [0x0000000786d80000,0x0000000786d80000,0x0000000787f00000)
  to   space 18432K, 0% used [0x0000000785b80000,0x0000000785b80000,0x0000000786d80000)
 ParOldGen       total 150528K, used 30555K [0x00000006c4a00000, 0x00000006cdd00000, 0x000000076c380000)
  object space 150528K, 20% used [0x00000006c4a00000,0x00000006c67d6f18,0x00000006cdd00000)
 Metaspace       used 70816K, capacity 74234K, committed 74280K, reserved 1114112K
  class space    used 9675K, capacity 10250K, committed 10288K, reserved 1048576K
GC Heap History (10 events):
Event: 11.628 GC heap before
{Heap before GC invocations=9 (full 2):
 PSYoungGen      total 157184K, used 8983K [0x000000076c380000, 0x000000077ed00000, 0x00000007c0000000)
  eden space 143872K, 0% used [0x000000076c380000,0x000000076c380000,0x0000000775000000)
  from space 13312K, 67% used [0x0000000775000000,0x00000007758c5e58,0x0000000775d00000)
  to   space 12800K, 0% used [0x000000077e080000,0x000000077e080000,0x000000077ed00000)
 ParOldGen       total 104960K, used 9039K [0x00000006c4a00000, 0x00000006cb080000, 0x000000076c380000)
  object space 104960K, 8% used [0x00000006c4a00000,0x00000006c52d3c40,0x00000006cb080000)
 Metaspace       used 33898K, capacity 35450K, committed 35496K, reserved 1079296K
  class space    used 4399K, capacity 4740K, committed 4784K, reserved 1048576K
Event: 11.733 GC heap after
Heap after GC invocations=9 (full 2):
 PSYoungGen      total 157184K, used 0K [0x000000076c380000, 0x000000077ed00000, 0x00000007c0000000)
  eden space 143872K, 0% used [0x000000076c380000,0x000000076c380000,0x0000000775000000)
  from space 13312K, 0% used [0x0000000775000000,0x0000000775000000,0x0000000775d00000)
  to   space 12800K, 0% used [0x000000077e080000,0x000000077e080000,0x000000077ed00000)
 ParOldGen       total 118784K, used 13988K [0x00000006c4a00000, 0x00000006cbe00000, 0x000000076c380000)
  object space 118784K, 11% used [0x00000006c4a00000,0x00000006c57a9260,0x00000006cbe00000)
 Metaspace       used 33898K, capacity 35450K, committed 35496K, reserved 1079296K
  class space    used 4399K, capacity 4740K, committed 4784K, reserved 1048576K
}
Event: 14.184 GC heap before
{Heap before GC invocations=10 (full 2):
 PSYoungGen      total 157184K, used 143872K [0x000000076c380000, 0x000000077ed00000, 0x00000007c0000000)
  eden space 143872K, 100% used [0x000000076c380000,0x0000000775000000,0x0000000775000000)
  from space 13312K, 0% used [0x0000000775000000,0x0000000775000000,0x0000000775d00000)
  to   space 12800K, 0% used [0x000000077e080000,0x000000077e080000,0x000000077ed00000)
 ParOldGen       total 118784K, used 13988K [0x00000006c4a00000, 0x00000006cbe00000, 0x000000076c380000)
  object space 118784K, 11% used [0x00000006c4a00000,0x00000006c57a9260,0x00000006cbe00000)
 Metaspace       used 38011K, capacity 39884K, committed 40104K, reserved 1083392K
  class space    used 5103K, capacity 5481K, committed 5552K, reserved 1048576K
Event: 14.197 GC heap after
Heap after GC invocations=10 (full 2):
 PSYoungGen      total 283136K, used 8815K [0x000000076c380000, 0x000000077e980000, 0x00000007c0000000)
  eden space 273920K, 0% used [0x000000076c380000,0x000000076c380000,0x000000077cf00000)
  from space 9216K, 95% used [0x000000077e080000,0x000000077e91bcb8,0x000000077e980000)
  to   space 12288K, 0% used [0x000000077d180000,0x000000077d180000,0x000000077dd80000)
 ParOldGen       total 118784K, used 13996K [0x00000006c4a00000, 0x00000006cbe00000, 0x000000076c380000)
  object space 118784K, 11% used [0x00000006c4a00000,0x00000006c57ab260,0x00000006cbe00000)
 Metaspace       used 38011K, capacity 39884K, committed 40104K, reserved 1083392K
  class space    used 5103K, capacity 5481K, committed 5552K, reserved 1048576K
}
Event: 22.959 GC heap before
{Heap before GC invocations=11 (full 2):
 PSYoungGen      total 283136K, used 282735K [0x000000076c380000, 0x000000077e980000, 0x00000007c0000000)
  eden space 273920K, 100% used [0x000000076c380000,0x000000077cf00000,0x000000077cf00000)
  from space 9216K, 95% used [0x000000077e080000,0x000000077e91bcb8,0x000000077e980000)
  to   space 12288K, 0% used [0x000000077d180000,0x000000077d180000,0x000000077dd80000)
 ParOldGen       total 118784K, used 13996K [0x00000006c4a00000, 0x00000006cbe00000, 0x000000076c380000)
  object space 118784K, 11% used [0x00000006c4a00000,0x00000006c57ab260,0x00000006cbe00000)
 Metaspace       used 51483K, capacity 53816K, committed 54056K, reserved 1095680K
  class space    used 6738K, capacity 7157K, committed 7216K, reserved 1048576K
Event: 22.989 GC heap after
Heap after GC invocations=11 (full 2):
 PSYoungGen      total 288768K, used 12286K [0x000000076c380000, 0x0000000787f00000, 0x00000007c0000000)
  eden space 276480K, 0% used [0x000000076c380000,0x000000076c380000,0x000000077d180000)
  from space 12288K, 99% used [0x000000077d180000,0x000000077dd7f858,0x000000077dd80000)
  to   space 17920K, 0% used [0x0000000786d80000,0x0000000786d80000,0x0000000787f00000)
 ParOldGen       total 118784K, used 24680K [0x00000006c4a00000, 0x00000006cbe00000, 0x000000076c380000)
  object space 118784K, 20% used [0x00000006c4a00000,0x00000006c621a130,0x00000006cbe00000)
 Metaspace       used 51483K, capacity 53816K, committed 54056K, reserved 1095680K
  class space    used 6738K, capacity 7157K, committed 7216K, reserved 1048576K
}
Event: 24.065 GC heap before
{Heap before GC invocations=12 (full 2):
 PSYoungGen      total 288768K, used 61499K [0x000000076c380000, 0x0000000787f00000, 0x00000007c0000000)
  eden space 276480K, 17% used [0x000000076c380000,0x000000076f38f5c0,0x000000077d180000)
  from space 12288K, 99% used [0x000000077d180000,0x000000077dd7f858,0x000000077dd80000)
  to   space 17920K, 0% used [0x0000000786d80000,0x0000000786d80000,0x0000000787f00000)
 ParOldGen       total 118784K, used 24680K [0x00000006c4a00000, 0x00000006cbe00000, 0x000000076c380000)
  object space 118784K, 20% used [0x00000006c4a00000,0x00000006c621a130,0x00000006cbe00000)
 Metaspace       used 56655K, capacity 59024K, committed 59160K, reserved 1099776K
  class space    used 7626K, capacity 8069K, committed 8112K, reserved 1048576K
Event: 24.089 GC heap after
Heap after GC invocations=12 (full 2):
 PSYoungGen      total 435712K, used 14618K [0x000000076c380000, 0x0000000787f80000, 0x00000007c0000000)
  eden space 417792K, 0% used [0x000000076c380000,0x000000076c380000,0x0000000785b80000)
  from space 17920K, 81% used [0x0000000786d80000,0x0000000787bc6a80,0x0000000787f00000)
  to   space 18432K, 0% used [0x0000000785b80000,0x0000000785b80000,0x0000000786d80000)
 ParOldGen       total 118784K, used 27596K [0x00000006c4a00000, 0x00000006cbe00000, 0x000000076c380000)
  object space 118784K, 23% used [0x00000006c4a00000,0x00000006c64f3140,0x00000006cbe00000)
 Metaspace       used 56655K, capacity 59024K, committed 59160K, reserved 1099776K
  class space    used 7626K, capacity 8069K, committed 8112K, reserved 1048576K
}
Event: 24.089 GC heap before
{Heap before GC invocations=13 (full 3):
 PSYoungGen      total 435712K, used 14618K [0x000000076c380000, 0x0000000787f80000, 0x00000007c0000000)
  eden space 417792K, 0% used [0x000000076c380000,0x000000076c380000,0x0000000785b80000)
  from space 17920K, 81% used [0x0000000786d80000,0x0000000787bc6a80,0x0000000787f00000)
  to   space 18432K, 0% used [0x0000000785b80000,0x0000000785b80000,0x0000000786d80000)
 ParOldGen       total 118784K, used 27596K [0x00000006c4a00000, 0x00000006cbe00000, 0x000000076c380000)
  object space 118784K, 23% used [0x00000006c4a00000,0x00000006c64f3140,0x00000006cbe00000)
 Metaspace       used 56655K, capacity 59024K, committed 59160K, reserved 1099776K
  class space    used 7626K, capacity 8069K, committed 8112K, reserved 1048576K
Event: 24.329 GC heap after
Heap after GC invocations=13 (full 3):
 PSYoungGen      total 435712K, used 0K [0x000000076c380000, 0x0000000787f80000, 0x00000007c0000000)
  eden space 417792K, 0% used [0x000000076c380000,0x000000076c380000,0x0000000785b80000)
  from space 17920K, 0% used [0x0000000786d80000,0x0000000786d80000,0x0000000787f00000)
  to   space 18432K, 0% used [0x0000000785b80000,0x0000000785b80000,0x0000000786d80000)
 ParOldGen       total 150528K, used 30555K [0x00000006c4a00000, 0x00000006cdd00000, 0x000000076c380000)
  object space 150528K, 20% used [0x00000006c4a00000,0x00000006c67d6f18,0x00000006cdd00000)
 Metaspace       used 56655K, capacity 59024K, committed 59160K, reserved 1099776K
  class space    used 7626K, capacity 8069K, committed 8112K, reserved 1048576K
}

