# JRE version: Java(TM) SE Runtime Environment (8.0_77-b03) (build 1.8.0_77-b03)
# Java VM: Java HotSpot(TM) 64-Bit Server VM (25.77-b03 mixed mode windows-amd64 compressed oops)
Heap:
 PSYoungGen      total 105984K, used 40236K [0x000000076c380000, 0x0000000775200000, 0x00000007c0000000)
  eden space 99840K, 34% used [0x000000076c380000,0x000000076e526178,0x0000000772500000)
  from space 6144K, 94% used [0x0000000774c00000,0x00000007751a4fa0,0x0000000775200000)
  to   space 10752K, 0% used [0x0000000773d00000,0x0000000773d00000,0x0000000774780000)
 ParOldGen       total 107520K, used 8931K [0x00000006c4a00000, 0x00000006cb300000, 0x000000076c380000)
  object space 107520K, 8% used [0x00000006c4a00000,0x00000006c52b8c10,0x00000006cb300000)
 Metaspace       used 26572K, capacity 28092K, committed 28288K, reserved 1073152K
  class space    used 3579K, capacity 3887K, committed 3968K, reserved 1048576K
GC Heap History (10 events):
Event: 1.590 GC heap before
{Heap before GC invocations=1 (full 0):
 PSYoungGen      total 75264K, used 64512K [0x000000076c380000, 0x0000000771780000, 0x00000007c0000000)
  eden space 64512K, 100% used [0x000000076c380000,0x0000000770280000,0x0000000770280000)
  from space 10752K, 0% used [0x0000000770d00000,0x0000000770d00000,0x0000000771780000)
  to   space 10752K, 0% used [0x0000000770280000,0x0000000770280000,0x0000000770d00000)
 ParOldGen       total 172032K, used 0K [0x00000006c4a00000, 0x00000006cf200000, 0x000000076c380000)
  object space 172032K, 0% used [0x00000006c4a00000,0x00000006c4a00000,0x00000006cf200000)
 Metaspace       used 11079K, capacity 11894K, committed 12160K, reserved 1060864K
  class space    used 1396K, capacity 1572K, committed 1664K, reserved 1048576K
Event: 1.601 GC heap after
Heap after GC invocations=1 (full 0):
 PSYoungGen      total 75264K, used 7049K [0x000000076c380000, 0x0000000771780000, 0x00000007c0000000)
  eden space 64512K, 0% used [0x000000076c380000,0x000000076c380000,0x0000000770280000)
  from space 10752K, 65% used [0x0000000770280000,0x0000000770962498,0x0000000770d00000)
  to   space 10752K, 0% used [0x0000000770d00000,0x0000000770d00000,0x0000000771780000)
 ParOldGen       total 172032K, used 24K [0x00000006c4a00000, 0x00000006cf200000, 0x000000076c380000)
  object space 172032K, 0% used [0x00000006c4a00000,0x00000006c4a06000,0x00000006cf200000)
 Metaspace       used 11079K, capacity 11894K, committed 12160K, reserved 1060864K
  class space    used 1396K, capacity 1572K, committed 1664K, reserved 1048576K
}
Event: 2.627 GC heap before
{Heap before GC invocations=2 (full 0):
 PSYoungGen      total 75264K, used 71561K [0x000000076c380000, 0x0000000771780000, 0x00000007c0000000)
  eden space 64512K, 100% used [0x000000076c380000,0x0000000770280000,0x0000000770280000)
  from space 10752K, 65% used [0x0000000770280000,0x0000000770962498,0x0000000770d00000)
  to   space 10752K, 0% used [0x0000000770d00000,0x0000000770d00000,0x0000000771780000)
 ParOldGen       total 172032K, used 24K [0x00000006c4a00000, 0x00000006cf200000, 0x000000076c380000)
  object space 172032K, 0% used [0x00000006c4a00000,0x00000006c4a06000,0x00000006cf200000)
 Metaspace       used 15260K, capacity 16240K, committed 16384K, reserved 1062912K
  class space    used 1949K, capacity 2177K, committed 2304K, reserved 1048576K
Event: 2.645 GC heap after
Heap after GC invocations=2 (full 0):
 PSYoungGen      total 75264K, used 7080K [0x000000076c380000, 0x0000000775680000, 0x00000007c0000000)
  eden space 64512K, 0% used [0x000000076c380000,0x000000076c380000,0x0000000770280000)
  from space 10752K, 65% used [0x0000000770d00000,0x00000007713ea1f8,0x0000000771780000)
  to   space 10752K, 0% used [0x0000000770280000,0x0000000770280000,0x0000000770d00000)
 ParOldGen       total 172032K, used 32K [0x00000006c4a00000, 0x00000006cf200000, 0x000000076c380000)
  object space 172032K, 0% used [0x00000006c4a00000,0x00000006c4a08000,0x00000006cf200000)
 Metaspace       used 15260K, capacity 16240K, committed 16384K, reserved 1062912K
  class space    used 1949K, capacity 2177K, committed 2304K, reserved 1048576K
}
Event: 3.827 GC heap before
{Heap before GC invocations=3 (full 0):
 PSYoungGen      total 75264K, used 64341K [0x000000076c380000, 0x0000000775680000, 0x00000007c0000000)
  eden space 64512K, 88% used [0x000000076c380000,0x000000076fb6b3d8,0x0000000770280000)
  from space 10752K, 65% used [0x0000000770d00000,0x00000007713ea1f8,0x0000000771780000)
  to   space 10752K, 0% used [0x0000000770280000,0x0000000770280000,0x0000000770d00000)
 ParOldGen       total 172032K, used 32K [0x00000006c4a00000, 0x00000006cf200000, 0x000000076c380000)
  object space 172032K, 0% used [0x00000006c4a00000,0x00000006c4a08000,0x00000006cf200000)
 Metaspace       used 20088K, capacity 21184K, committed 21296K, reserved 1067008K
  class space    used 2610K, capacity 2871K, committed 2944K, reserved 1048576K
Event: 3.836 GC heap after
Heap after GC invocations=3 (full 0):
 PSYoungGen      total 75264K, used 9200K [0x000000076c380000, 0x0000000775680000, 0x00000007c0000000)
  eden space 64512K, 0% used [0x000000076c380000,0x000000076c380000,0x0000000770280000)
  from space 10752K, 85% used [0x0000000770280000,0x0000000770b7c348,0x0000000770d00000)
  to   space 10752K, 0% used [0x0000000774c00000,0x0000000774c00000,0x0000000775680000)
 ParOldGen       total 172032K, used 40K [0x00000006c4a00000, 0x00000006cf200000, 0x000000076c380000)
  object space 172032K, 0% used [0x00000006c4a00000,0x00000006c4a0a000,0x00000006cf200000)
 Metaspace       used 20088K, capacity 21184K, committed 21296K, reserved 1067008K
  class space    used 2610K, capacity 2871K, committed 2944K, reserved 1048576K
}
Event: 3.836 GC heap before
{Heap before GC invocations=4 (full 1):
 PSYoungGen      total 75264K, used 9200K [0x000000076c380000, 0x0000000775680000, 0x00000007c0000000)
  eden space 64512K, 0% used [0x000000076c380000,0x000000076c380000,0x0000000770280000)
  from space 10752K, 85% used [0x0000000770280000,0x0000000770b7c348,0x0000000770d00000)
  to   space 10752K, 0% used [0x0000000774c00000,0x0000000774c00000,0x0000000775680000)
 ParOldGen       total 172032K, used 40K [0x00000006c4a00000, 0x00000006cf200000, 0x000000076c380000)
  object space 172032K, 0% used [0x00000006c4a00000,0x00000006c4a0a000,0x00000006cf200000)
 Metaspace       used 20088K, capacity 21184K, committed 21296K, reserved 1067008K
  class space    used 2610K, capacity 2871K, committed 2944K, reserved 1048576K
Event: 3.881 GC heap after
Heap after GC invocations=4 (full 1):
 PSYoungGen      total 75264K, used 0K [0x000000076c380000, 0x0000000775680000, 0x00000007c0000000)
  eden space 64512K, 0% used [0x000000076c380000,0x000000076c380000,0x0000000770280000)
  from space 10752K, 0% used [0x0000000770280000,0x0000000770280000,0x0000000770d00000)
  to   space 10752K, 0% used [0x0000000774c00000,0x0000000774c00000,0x0000000775680000)
 ParOldGen       total 107520K, used 8931K [0x00000006c4a00000, 0x00000006cb300000, 0x000000076c380000)
  object space 107520K, 8% used [0x00000006c4a00000,0x00000006c52b8c10,0x00000006cb300000)
 Metaspace       used 20088K, capacity 21184K, committed 21296K, reserved 1067008K
  class space    used 2610K, capacity 2871K, committed 2944K, reserved 1048576K
}
Event: 4.753 GC heap before
{Heap before GC invocations=5 (full 1):
 PSYoungGen      total 75264K, used 64512K [0x000000076c380000, 0x0000000775680000, 0x00000007c0000000)
  eden space 64512K, 100% used [0x000000076c380000,0x0000000770280000,0x0000000770280000)
  from space 10752K, 0% used [0x0000000770280000,0x0000000770280000,0x0000000770d00000)
  to   space 10752K, 0% used [0x0000000774c00000,0x0000000774c00000,0x0000000775680000)
 ParOldGen       total 107520K, used 8931K [0x00000006c4a00000, 0x00000006cb300000, 0x000000076c380000)
  object space 107520K, 8% used [0x00000006c4a00000,0x00000006c52b8c10,0x00000006cb300000)
 Metaspace       used 24819K, capacity 26202K, committed 26496K, reserved 1073152K
  class space    used 3318K, capacity 3602K, committed 3712K, reserved 1048576K
Event: 4.775 GC heap after
Heap after GC invocations=5 (full 1):
 PSYoungGen      total 105984K, used 5779K [0x000000076c380000, 0x0000000775200000, 0x00000007c0000000)
  eden space 99840K, 0% used [0x000000076c380000,0x000000076c380000,0x0000000772500000)
  from space 6144K, 94% used [0x0000000774c00000,0x00000007751a4fa0,0x0000000775200000)
  to   space 10752K, 0% used [0x0000000773d00000,0x0000000773d00000,0x0000000774780000)
 ParOldGen       total 107520K, used 8931K [0x00000006c4a00000, 0x00000006cb300000, 0x000000076c380000)
  object space 107520K, 8% used [0x00000006c4a00000,0x00000006c52b8c10,0x00000006cb300000)
 Metaspace       used 24819K, capacity 26202K, committed 26496K, reserved 1073152K
  class space    used 3318K, capacity 3602K, committed 3712K, reserved 1048576K
}

